09-02-2019 03:03 [INFO] [MyPet] Error-Reporter ENABLED
09-02-2019 03:04 [INFO] [MyPet] Enabling MyPet v3.7
09-02-2019 03:04 [INFO] [MyPet] No Update available.
09-02-2019 03:04 [INFO] [MyPet] Custom entity registry found: net.citizensnpcs.nms.v1_14_R1.util.CustomEntityRegistry
09-02-2019 03:04 [INFO] [MyPet] Compat mode for v1_14_R1 loaded.
09-02-2019 03:04 [INFO] [MyPet] Exp calculation mode: MyPet
09-02-2019 03:04 [INFO] [MyPet] Current Exp-Cache is invalid, it will be recalculated.
09-02-2019 03:04 [INFO] [MyPet] Loading WorldGroups...
09-02-2019 03:04 [INFO] [MyPet] added Esparcraft to 'default' group.
09-02-2019 03:04 [INFO] [MyPet] added Repository to 'default' group.
09-02-2019 03:04 [INFO] [MyPet] added Drachenfels to 'default' group.
09-02-2019 03:04 [INFO] [MyPet] added treepack2 to 'default' group.
09-02-2019 03:04 [INFO] [MyPet] added Repository2 to 'default' group.
09-02-2019 03:04 [INFO] [MyPet] added Hurlton to 'default' group.
09-02-2019 03:04 [INFO] [MyPet] added treepack to 'default' group.
09-02-2019 03:04 [INFO] [MyPet] added Meslajho to 'default' group.
09-02-2019 03:04 [INFO] [MyPet] added Norendal to 'default' group.
09-02-2019 03:04 [INFO] [MyPet] Default skilltree files created.
09-02-2019 03:04 [INFO] [MyPet] Connect to SQLite database...
09-02-2019 03:04 [INFO] [MyPet] SQLite connection successful.
09-02-2019 03:04 [INFO] [MyPet] Citizens (2.0.25-SNAPSHOT (build 1737)) hook activated.
09-02-2019 03:04 [INFO] [MyPet] MythicMobs (4.6.5-2800) hook activated.
09-02-2019 03:04 [INFO] [MyPet] ProtocolLib (4.5.0-SNAPSHOT) hook activated.
09-02-2019 03:04 [INFO] [MyPet] SkillAPI (1.9) hook activated.
09-02-2019 03:04 [INFO] [MyPet] Vault (1.7.2-b107) (Economy: Craftconomy3) (Permissions: PermissionsEx) hook activated.
09-02-2019 03:04 [INFO] [MyPet] version 3.7-b1488 ENABLED
09-02-2019 03:12 [INFO] [MyPet] Disabling MyPet v3.7
09-04-2019 01:24 [INFO] [MyPet] Error-Reporter ENABLED
09-04-2019 01:26 [INFO] [MyPet] Enabling MyPet v3.7
09-04-2019 01:26 [INFO] [MyPet] No Update available.
09-04-2019 01:26 [INFO] [MyPet] Custom entity registry found: net.citizensnpcs.nms.v1_14_R1.util.CustomEntityRegistry
09-04-2019 01:26 [INFO] [MyPet] Compat mode for v1_14_R1 loaded.
09-04-2019 01:26 [INFO] [MyPet] Exp calculation mode: MyPet
09-04-2019 01:26 [INFO] [MyPet] Loading WorldGroups...
09-04-2019 01:26 [INFO] [MyPet]    added 'Esparcraft' to 'default'
09-04-2019 01:26 [INFO] [MyPet]    added 'Repository' to 'default'
09-04-2019 01:26 [INFO] [MyPet]    added 'Drachenfels' to 'default'
09-04-2019 01:26 [INFO] [MyPet]    added 'treepack2' to 'default'
09-04-2019 01:26 [INFO] [MyPet]    added 'Repository2' to 'default'
09-04-2019 01:26 [INFO] [MyPet]    added 'Hurlton' to 'default'
09-04-2019 01:26 [INFO] [MyPet]    added 'treepack' to 'default'
09-04-2019 01:26 [INFO] [MyPet]    added 'Meslajho' to 'default'
09-04-2019 01:26 [INFO] [MyPet]    added 'Norendal' to 'default'
09-04-2019 01:26 [INFO] [MyPet] Connect to SQLite database...
09-04-2019 01:26 [INFO] [MyPet] SQLite connection successful.
09-04-2019 01:26 [INFO] [MyPet] Citizens (2.0.25-SNAPSHOT (build 1737)) hook activated.
09-04-2019 01:26 [INFO] [MyPet] MythicMobs (4.6.5-2800) hook activated.
09-04-2019 01:26 [INFO] [MyPet] ProtocolLib (4.5.0-SNAPSHOT) hook activated.
09-04-2019 01:26 [INFO] [MyPet] SkillAPI (1.9) hook activated.
09-04-2019 01:26 [INFO] [MyPet] Vault (1.7.2-b107) (Economy: Craftconomy3) (Permissions: PermissionsEx) hook activated.
09-04-2019 01:26 [INFO] [MyPet] WorldGuard (7.0.1-beta-01;14e7525) hook activated.
09-04-2019 01:26 [INFO] [MyPet] version 3.7-b1488 ENABLED
09-04-2019 04:24 [INFO] [MyPet] Disabling MyPet v3.7
09-04-2019 12:23 [INFO] [MyPet] Error-Reporter ENABLED
09-04-2019 12:24 [INFO] [MyPet] Enabling MyPet v3.7
09-04-2019 12:24 [INFO] [MyPet] No Update available.
09-04-2019 12:24 [INFO] [MyPet] Custom entity registry found: net.citizensnpcs.nms.v1_14_R1.util.CustomEntityRegistry
09-04-2019 12:24 [INFO] [MyPet] Compat mode for v1_14_R1 loaded.
09-04-2019 12:24 [INFO] [MyPet] Exp calculation mode: MyPet
09-04-2019 12:24 [INFO] [MyPet] Loading WorldGroups...
09-04-2019 12:24 [INFO] [MyPet]    added 'Esparcraft' to 'default'
09-04-2019 12:24 [INFO] [MyPet]    added 'Repository' to 'default'
09-04-2019 12:24 [INFO] [MyPet]    added 'Drachenfels' to 'default'
09-04-2019 12:24 [INFO] [MyPet]    added 'treepack2' to 'default'
09-04-2019 12:24 [INFO] [MyPet]    added 'Repository2' to 'default'
09-04-2019 12:24 [INFO] [MyPet]    added 'Hurlton' to 'default'
09-04-2019 12:24 [INFO] [MyPet]    added 'treepack' to 'default'
09-04-2019 12:24 [INFO] [MyPet]    added 'Meslajho' to 'default'
09-04-2019 12:24 [INFO] [MyPet]    added 'Norendal' to 'default'
09-04-2019 12:24 [INFO] [MyPet] Connect to SQLite database...
09-04-2019 12:24 [INFO] [MyPet] SQLite connection successful.
09-04-2019 12:24 [INFO] [MyPet] Citizens (2.0.25-SNAPSHOT (build 1737)) hook activated.
09-04-2019 12:24 [INFO] [MyPet] MythicMobs (4.6.5-2800) hook activated.
09-04-2019 12:24 [INFO] [MyPet] ProtocolLib (4.5.0-SNAPSHOT) hook activated.
09-04-2019 12:24 [INFO] [MyPet] SkillAPI (1.9) hook activated.
09-04-2019 12:24 [INFO] [MyPet] Vault (1.7.2-b107) (Economy: Craftconomy3) (Permissions: PermissionsEx) hook activated.
09-04-2019 12:24 [INFO] [MyPet] WorldGuard (7.0.1-beta-01;14e7525) hook activated.
09-04-2019 12:24 [INFO] [MyPet] version 3.7-b1488 ENABLED
09-04-2019 13:34 [INFO] [MyPet] Disabling MyPet v3.7
09-05-2019 19:51 [INFO] [MyPet] Error-Reporter ENABLED
09-05-2019 19:52 [INFO] [MyPet] Enabling MyPet v3.7
09-05-2019 19:52 [INFO] [MyPet] No Update available.
09-05-2019 19:52 [INFO] [MyPet] Custom entity registry found: net.citizensnpcs.nms.v1_14_R1.util.CustomEntityRegistry
09-05-2019 19:52 [INFO] [MyPet] Compat mode for v1_14_R1 loaded.
09-05-2019 19:52 [INFO] [MyPet] Exp calculation mode: MyPet
09-05-2019 19:52 [INFO] [MyPet] Loading WorldGroups...
09-05-2019 19:52 [INFO] [MyPet]    added 'Esparcraft' to 'default'
09-05-2019 19:52 [INFO] [MyPet]    added 'Repository' to 'default'
09-05-2019 19:52 [INFO] [MyPet]    added 'Drachenfels' to 'default'
09-05-2019 19:52 [INFO] [MyPet]    added 'treepack2' to 'default'
09-05-2019 19:52 [INFO] [MyPet]    added 'Repository2' to 'default'
09-05-2019 19:52 [INFO] [MyPet]    added 'Hurlton' to 'default'
09-05-2019 19:52 [INFO] [MyPet]    added 'treepack' to 'default'
09-05-2019 19:52 [INFO] [MyPet]    added 'Meslajho' to 'default'
09-05-2019 19:52 [INFO] [MyPet]    added 'Norendal' to 'default'
09-05-2019 19:52 [INFO] [MyPet] Connect to SQLite database...
09-05-2019 19:52 [INFO] [MyPet] SQLite connection successful.
09-05-2019 19:52 [INFO] [MyPet] Citizens (2.0.25-SNAPSHOT (build 1737)) hook activated.
09-05-2019 19:52 [INFO] [MyPet] MythicMobs (4.6.5-2800) hook activated.
09-05-2019 19:52 [INFO] [MyPet] ProtocolLib (4.5.0-SNAPSHOT) hook activated.
09-05-2019 19:52 [INFO] [MyPet] SkillAPI (1.9) hook activated.
09-05-2019 19:52 [INFO] [MyPet] Vault (1.7.2-b107) (Economy: Craftconomy3) (Permissions: PermissionsEx) hook activated.
09-05-2019 19:52 [INFO] [MyPet] WorldGuard (7.0.1-beta-01;14e7525) hook activated.
09-05-2019 19:52 [INFO] [MyPet] version 3.7-b1488 ENABLED
09-05-2019 19:56 [INFO] [MyPet] Disabling MyPet v3.7
09-05-2019 23:32 [INFO] [MyPet] Error-Reporter ENABLED
09-05-2019 23:34 [INFO] [MyPet] Enabling MyPet v3.7
09-05-2019 23:34 [INFO] [MyPet] No Update available.
09-05-2019 23:34 [INFO] [MyPet] Custom entity registry found: net.citizensnpcs.nms.v1_14_R1.util.CustomEntityRegistry
09-05-2019 23:34 [INFO] [MyPet] Compat mode for v1_14_R1 loaded.
09-05-2019 23:34 [INFO] [MyPet] Exp calculation mode: MyPet
09-05-2019 23:34 [INFO] [MyPet] Loading WorldGroups...
09-05-2019 23:34 [INFO] [MyPet]    added 'Esparcraft' to 'default'
09-05-2019 23:34 [INFO] [MyPet]    added 'Repository' to 'default'
09-05-2019 23:34 [INFO] [MyPet]    added 'Drachenfels' to 'default'
09-05-2019 23:34 [INFO] [MyPet]    added 'treepack2' to 'default'
09-05-2019 23:34 [INFO] [MyPet]    added 'Repository2' to 'default'
09-05-2019 23:34 [INFO] [MyPet]    added 'Hurlton' to 'default'
09-05-2019 23:34 [INFO] [MyPet]    added 'treepack' to 'default'
09-05-2019 23:34 [INFO] [MyPet]    added 'Meslajho' to 'default'
09-05-2019 23:34 [INFO] [MyPet]    added 'Norendal' to 'default'
09-05-2019 23:34 [INFO] [MyPet] Connect to SQLite database...
09-05-2019 23:34 [INFO] [MyPet] SQLite connection successful.
09-05-2019 23:34 [INFO] [MyPet] Citizens (2.0.25-SNAPSHOT (build 1737)) hook activated.
09-05-2019 23:34 [INFO] [MyPet] MythicMobs (4.6.5-2800) hook activated.
09-05-2019 23:34 [INFO] [MyPet] ProtocolLib (4.5.0-SNAPSHOT) hook activated.
09-05-2019 23:34 [INFO] [MyPet] SkillAPI (1.9) hook activated.
09-05-2019 23:34 [INFO] [MyPet] Vault (1.7.2-b107) (Economy: Craftconomy3) (Permissions: PermissionsEx) hook activated.
09-05-2019 23:34 [INFO] [MyPet] WorldGuard (7.0.1-beta-01;14e7525) hook activated.
09-05-2019 23:34 [INFO] [MyPet] version 3.7-b1488 ENABLED
09-05-2019 23:39 [INFO] [MyPet] added Leshir to 'default' group.
09-06-2019 02:15 [INFO] [MyPet] Disabling MyPet v3.7
09-06-2019 02:19 [INFO] [MyPet] Error-Reporter ENABLED
09-06-2019 02:20 [INFO] [MyPet] Enabling MyPet v3.7
09-06-2019 02:20 [INFO] [MyPet] No Update available.
09-06-2019 02:20 [INFO] [MyPet] Custom entity registry found: net.citizensnpcs.nms.v1_14_R1.util.CustomEntityRegistry
09-06-2019 02:20 [INFO] [MyPet] Compat mode for v1_14_R1 loaded.
09-06-2019 02:20 [INFO] [MyPet] Exp calculation mode: MyPet
09-06-2019 02:20 [INFO] [MyPet] Loading WorldGroups...
09-06-2019 02:20 [INFO] [MyPet]    added 'Leshir' to 'default'
09-06-2019 02:20 [INFO] [MyPet] added Esparcraft to 'default' group.
09-06-2019 02:20 [INFO] [MyPet] added Drachenfels to 'default' group.
09-06-2019 02:20 [INFO] [MyPet] added Repository to 'default' group.
09-06-2019 02:20 [INFO] [MyPet] added treepack2 to 'default' group.
09-06-2019 02:20 [INFO] [MyPet] added Repository2 to 'default' group.
09-06-2019 02:20 [INFO] [MyPet] added treepack to 'default' group.
09-06-2019 02:20 [INFO] [MyPet] added Hurlton to 'default' group.
09-06-2019 02:20 [INFO] [MyPet] added Meslajho to 'default' group.
09-06-2019 02:20 [INFO] [MyPet] added Norendal to 'default' group.
09-06-2019 02:20 [INFO] [MyPet] Connect to SQLite database...
09-06-2019 02:20 [INFO] [MyPet] SQLite connection successful.
09-06-2019 02:20 [INFO] [MyPet] Citizens (2.0.25-SNAPSHOT (build 1737)) hook activated.
09-06-2019 02:20 [INFO] [MyPet] MythicMobs (4.6.5-2800) hook activated.
09-06-2019 02:20 [INFO] [MyPet] ProtocolLib (4.5.0-SNAPSHOT) hook activated.
09-06-2019 02:20 [INFO] [MyPet] SkillAPI (1.9) hook activated.
09-06-2019 02:20 [INFO] [MyPet] Vault (1.7.2-b107) (Economy: Craftconomy3) (Permissions: PermissionsEx) hook activated.
09-06-2019 02:20 [INFO] [MyPet] WorldGuard (7.0.1-beta-01;14e7525) hook activated.
09-06-2019 02:20 [INFO] [MyPet] version 3.7-b1488 ENABLED
09-06-2019 02:21 [INFO] [MyPet] Disabling MyPet v3.7
09-06-2019 10:57 [INFO] [MyPet] Error-Reporter ENABLED
09-06-2019 10:58 [INFO] [MyPet] Enabling MyPet v3.7
09-06-2019 10:58 [INFO] [MyPet] No Update available.
09-06-2019 10:58 [INFO] [MyPet] Custom entity registry found: net.citizensnpcs.nms.v1_14_R1.util.CustomEntityRegistry
09-06-2019 10:58 [INFO] [MyPet] Compat mode for v1_14_R1 loaded.
09-06-2019 10:58 [INFO] [MyPet] Exp calculation mode: MyPet
09-06-2019 10:58 [INFO] [MyPet] Loading WorldGroups...
09-06-2019 10:58 [INFO] [MyPet]    added 'Esparcraft' to 'default'
09-06-2019 10:58 [INFO] [MyPet]    added 'Drachenfels' to 'default'
09-06-2019 10:58 [INFO] [MyPet]    added 'Repository' to 'default'
09-06-2019 10:58 [INFO] [MyPet]    added 'treepack2' to 'default'
09-06-2019 10:58 [INFO] [MyPet]    added 'Repository2' to 'default'
09-06-2019 10:58 [INFO] [MyPet]    added 'treepack' to 'default'
09-06-2019 10:58 [INFO] [MyPet]    added 'Hurlton' to 'default'
09-06-2019 10:58 [INFO] [MyPet]    added 'Meslajho' to 'default'
09-06-2019 10:58 [INFO] [MyPet]    added 'Norendal' to 'default'
09-06-2019 10:58 [INFO] [MyPet] added Leshir to 'default' group.
09-06-2019 10:58 [INFO] [MyPet] Connect to SQLite database...
09-06-2019 10:58 [INFO] [MyPet] SQLite connection successful.
09-06-2019 10:58 [INFO] [MyPet] Citizens (2.0.25-SNAPSHOT (build 1737)) hook activated.
09-06-2019 10:58 [INFO] [MyPet] MythicMobs (4.6.5-2800) hook activated.
09-06-2019 10:58 [INFO] [MyPet] ProtocolLib (4.5.0-SNAPSHOT) hook activated.
09-06-2019 10:58 [INFO] [MyPet] SkillAPI (1.9) hook activated.
09-06-2019 10:58 [INFO] [MyPet] Vault (1.7.2-b107) (Economy: Craftconomy3) (Permissions: PermissionsEx) hook activated.
09-06-2019 10:58 [INFO] [MyPet] WorldGuard (7.0.1-beta-01;14e7525) hook activated.
09-06-2019 10:58 [INFO] [MyPet] version 3.7-b1488 ENABLED
09-06-2019 11:34 [INFO] [MyPet] Disabling MyPet v3.7
09-11-2019 02:36 [INFO] [MyPet] Error-Reporter ENABLED
09-11-2019 02:38 [INFO] [MyPet] Enabling MyPet v3.7
09-11-2019 02:38 [INFO] [MyPet] ##########################################
09-11-2019 02:38 [INFO] [MyPet] #  A new version is available: 3.8 #1505 #
09-11-2019 02:38 [INFO] [MyPet] #  https://mypet-plugin.de/download      #
09-11-2019 02:38 [INFO] [MyPet] ##########################################
09-11-2019 02:38 [INFO] [MyPet] Custom entity registry found: net.citizensnpcs.nms.v1_14_R1.util.CustomEntityRegistry
09-11-2019 02:38 [INFO] [MyPet] Compat mode for v1_14_R1 loaded.
09-11-2019 02:38 [INFO] [MyPet] Exp calculation mode: MyPet
09-11-2019 02:38 [INFO] [MyPet] Loading WorldGroups...
09-11-2019 02:38 [INFO] [MyPet]    added 'Leshir' to 'default'
09-11-2019 02:38 [INFO] [MyPet] added Esparcraft to 'default' group.
09-11-2019 02:38 [INFO] [MyPet] added Drachenfels to 'default' group.
09-11-2019 02:38 [INFO] [MyPet] added Repository to 'default' group.
09-11-2019 02:38 [INFO] [MyPet] added treepack2 to 'default' group.
09-11-2019 02:38 [INFO] [MyPet] added Repository2 to 'default' group.
09-11-2019 02:38 [INFO] [MyPet] added treepack to 'default' group.
09-11-2019 02:38 [INFO] [MyPet] added Hurlton to 'default' group.
09-11-2019 02:38 [INFO] [MyPet] added Meslajho to 'default' group.
09-11-2019 02:38 [INFO] [MyPet] added Norendal to 'default' group.
09-11-2019 02:38 [INFO] [MyPet] Connect to SQLite database...
09-11-2019 02:38 [INFO] [MyPet] SQLite connection successful.
09-11-2019 02:38 [INFO] [MyPet] Citizens (2.0.25-SNAPSHOT (build 1737)) hook activated.
09-11-2019 02:38 [INFO] [MyPet] MythicMobs (4.6.5-2800) hook activated.
09-11-2019 02:38 [INFO] [MyPet] ProtocolLib (4.5.0-SNAPSHOT) hook activated.
09-11-2019 02:38 [INFO] [MyPet] SkillAPI (1.9) hook activated.
09-11-2019 02:38 [INFO] [MyPet] Vault (1.7.2-b107) (Economy: Craftconomy3) (Permissions: PermissionsEx) hook activated.
09-11-2019 02:38 [INFO] [MyPet] WorldGuard (7.0.1-beta-01;14e7525) hook activated.
09-11-2019 02:38 [INFO] [MyPet] version 3.7-b1488 ENABLED
09-11-2019 02:39 [INFO] [MyPet] Disabling MyPet v3.7
09-11-2019 02:41 [INFO] [MyPet] Error-Reporter ENABLED
09-11-2019 02:41 [INFO] [MyPet] Enabling MyPet v3.8
09-11-2019 02:41 [INFO] [MyPet] No Update available.
09-11-2019 02:41 [INFO] [MyPet] Custom entity registry found: net.citizensnpcs.nms.v1_14_R1.util.CustomEntityRegistry
09-11-2019 02:41 [INFO] [MyPet] Compat mode for v1_14_R1 loaded.
09-11-2019 02:41 [INFO] [MyPet] Exp calculation mode: MyPet
09-11-2019 02:41 [INFO] [MyPet] Loading WorldGroups...
09-11-2019 02:41 [INFO] [MyPet]    added 'Esparcraft' to 'default'
09-11-2019 02:41 [INFO] [MyPet]    added 'Drachenfels' to 'default'
09-11-2019 02:41 [INFO] [MyPet]    added 'Repository' to 'default'
09-11-2019 02:41 [INFO] [MyPet]    added 'treepack2' to 'default'
09-11-2019 02:41 [INFO] [MyPet]    added 'Repository2' to 'default'
09-11-2019 02:41 [INFO] [MyPet]    added 'treepack' to 'default'
09-11-2019 02:41 [INFO] [MyPet]    added 'Hurlton' to 'default'
09-11-2019 02:41 [INFO] [MyPet]    added 'Meslajho' to 'default'
09-11-2019 02:41 [INFO] [MyPet]    added 'Norendal' to 'default'
09-11-2019 02:41 [INFO] [MyPet]    added Leshir to 'default' group.
09-11-2019 02:41 [INFO] [MyPet] Connect to SQLite database...
09-11-2019 02:41 [INFO] [MyPet] SQLite connection successful.
09-11-2019 02:41 [INFO] [MyPet] Citizens (2.0.25-SNAPSHOT (build 1737)) hook activated.
09-11-2019 02:42 [INFO] [MyPet] MythicMobs (4.6.5-2800) hook activated.
09-11-2019 02:42 [INFO] [MyPet] ProtocolLib (4.5.0-SNAPSHOT) hook activated.
09-11-2019 02:42 [INFO] [MyPet] SkillAPI (1.9) hook activated.
09-11-2019 02:42 [INFO] [MyPet] Vault (1.7.2-b107) (Economy: Craftconomy3) (Permissions: PermissionsEx) hook activated.
09-11-2019 02:42 [INFO] [MyPet] WorldGuard (7.0.1-beta-01;14e7525) hook activated.
09-11-2019 02:42 [INFO] [MyPet] version 3.8-b1505 ENABLED
09-11-2019 02:42 [INFO] [MyPet] Disabling MyPet v3.8
09-11-2019 02:55 [INFO] [MyPet] Error-Reporter ENABLED
09-11-2019 02:56 [INFO] [MyPet] Enabling MyPet v3.8
09-11-2019 02:56 [INFO] [MyPet] No Update available.
09-11-2019 02:56 [INFO] [MyPet] Custom entity registry found: net.citizensnpcs.nms.v1_14_R1.util.CustomEntityRegistry
09-11-2019 02:56 [INFO] [MyPet] Compat mode for v1_14_R1 loaded.
09-11-2019 02:56 [INFO] [MyPet] Exp calculation mode: MyPet
09-11-2019 02:56 [INFO] [MyPet] Loading WorldGroups...
09-11-2019 02:56 [INFO] [MyPet]    added 'Esparcraft' to 'default'
09-11-2019 02:56 [INFO] [MyPet]    added 'Drachenfels' to 'default'
09-11-2019 02:56 [INFO] [MyPet]    added 'Repository' to 'default'
09-11-2019 02:56 [INFO] [MyPet]    added 'treepack2' to 'default'
09-11-2019 02:56 [INFO] [MyPet]    added 'Repository2' to 'default'
09-11-2019 02:56 [INFO] [MyPet]    added 'treepack' to 'default'
09-11-2019 02:56 [INFO] [MyPet]    added 'Hurlton' to 'default'
09-11-2019 02:56 [INFO] [MyPet]    added 'Meslajho' to 'default'
09-11-2019 02:56 [INFO] [MyPet]    added 'Norendal' to 'default'
09-11-2019 02:56 [INFO] [MyPet]    added 'Leshir' to 'default'
09-11-2019 02:56 [INFO] [MyPet] Connect to SQLite database...
09-11-2019 02:56 [INFO] [MyPet] SQLite connection successful.
09-11-2019 02:56 [INFO] [MyPet] Citizens (2.0.25-SNAPSHOT (build 1737)) hook activated.
09-11-2019 02:56 [INFO] [MyPet] MythicMobs (4.6.5-2800) hook activated.
09-11-2019 02:56 [INFO] [MyPet] ProtocolLib (4.5.0-SNAPSHOT) hook activated.
09-11-2019 02:56 [INFO] [MyPet] SkillAPI (1.9) hook activated.
09-11-2019 02:56 [INFO] [MyPet] Vault (1.7.2-b107) (Economy: Craftconomy3) (Permissions: PermissionsEx) hook activated.
09-11-2019 02:56 [INFO] [MyPet] WorldGuard (7.0.1-beta-01;14e7525) hook activated.
09-11-2019 02:56 [INFO] [MyPet] version 3.8-b1505 ENABLED
09-11-2019 03:05 [INFO] [MyPet] Disabling MyPet v3.8
09-11-2019 03:10 [INFO] [MyPet] Error-Reporter ENABLED
09-11-2019 03:16 [INFO] [MyPet] Error-Reporter ENABLED
09-11-2019 03:17 [INFO] [MyPet] Enabling MyPet v3.8
09-11-2019 03:17 [INFO] [MyPet] No Update available.
09-11-2019 03:17 [INFO] [MyPet] Custom entity registry found: net.citizensnpcs.nms.v1_14_R1.util.CustomEntityRegistry
09-11-2019 03:17 [INFO] [MyPet] Compat mode for v1_14_R1 loaded.
09-11-2019 03:17 [INFO] [MyPet] Exp calculation mode: MyPet
09-11-2019 03:17 [INFO] [MyPet] Loading WorldGroups...
09-11-2019 03:17 [INFO] [MyPet]    added 'Esparcraft' to 'default'
09-11-2019 03:17 [INFO] [MyPet]    added 'Drachenfels' to 'default'
09-11-2019 03:17 [INFO] [MyPet]    added 'Repository' to 'default'
09-11-2019 03:17 [INFO] [MyPet]    added 'treepack2' to 'default'
09-11-2019 03:17 [INFO] [MyPet]    added 'Repository2' to 'default'
09-11-2019 03:17 [INFO] [MyPet]    added 'treepack' to 'default'
09-11-2019 03:17 [INFO] [MyPet]    added 'Hurlton' to 'default'
09-11-2019 03:17 [INFO] [MyPet]    added 'Meslajho' to 'default'
09-11-2019 03:17 [INFO] [MyPet]    added 'Norendal' to 'default'
09-11-2019 03:17 [INFO] [MyPet]    added 'Leshir' to 'default'
09-11-2019 03:17 [INFO] [MyPet] Connect to SQLite database...
09-11-2019 03:17 [INFO] [MyPet] SQLite connection successful.
09-11-2019 03:17 [INFO] [MyPet] Citizens (2.0.25-SNAPSHOT (build 1746)) hook activated.
09-11-2019 03:17 [INFO] [MyPet] MythicMobs (4.6.5-2800) hook activated.
09-11-2019 03:17 [INFO] [MyPet] ProtocolLib (4.5.0-SNAPSHOT) hook activated.
09-11-2019 03:17 [INFO] [MyPet] SkillAPI (1.9) hook activated.
09-11-2019 03:17 [INFO] [MyPet] Vault (1.7.2-b107) (Economy: Craftconomy3) (Permissions: PermissionsEx) hook activated.
09-11-2019 03:17 [INFO] [MyPet] WorldGuard (7.0.1-beta-01;14e7525) hook activated.
09-11-2019 03:17 [INFO] [MyPet] version 3.8-b1505 ENABLED
09-11-2019 03:43 [INFO] [MyPet] Disabling MyPet v3.8
09-11-2019 03:45 [INFO] [MyPet] Error-Reporter ENABLED
09-11-2019 03:45 [INFO] [MyPet] Enabling MyPet v3.8
09-11-2019 03:45 [INFO] [MyPet] No Update available.
09-11-2019 03:45 [INFO] [MyPet] Custom entity registry found: net.citizensnpcs.nms.v1_14_R1.util.CustomEntityRegistry
09-11-2019 03:45 [INFO] [MyPet] Compat mode for v1_14_R1 loaded.
09-11-2019 03:46 [INFO] [MyPet] Exp calculation mode: MyPet
09-11-2019 03:46 [INFO] [MyPet] Loading WorldGroups...
09-11-2019 03:46 [INFO] [MyPet]    added 'Esparcraft' to 'default'
09-11-2019 03:46 [INFO] [MyPet]    added 'Drachenfels' to 'default'
09-11-2019 03:46 [INFO] [MyPet]    added 'Repository' to 'default'
09-11-2019 03:46 [INFO] [MyPet]    added 'treepack2' to 'default'
09-11-2019 03:46 [INFO] [MyPet]    added 'Repository2' to 'default'
09-11-2019 03:46 [INFO] [MyPet]    added 'treepack' to 'default'
09-11-2019 03:46 [INFO] [MyPet]    added 'Hurlton' to 'default'
09-11-2019 03:46 [INFO] [MyPet]    added 'Meslajho' to 'default'
09-11-2019 03:46 [INFO] [MyPet]    added 'Norendal' to 'default'
09-11-2019 03:46 [INFO] [MyPet]    added 'Leshir' to 'default'
09-11-2019 03:46 [INFO] [MyPet] Connect to SQLite database...
09-11-2019 03:46 [INFO] [MyPet] SQLite connection successful.
09-11-2019 03:46 [INFO] [MyPet] Citizens (2.0.25-SNAPSHOT (build 1746)) hook activated.
09-11-2019 03:46 [INFO] [MyPet] MythicMobs (4.6.5-2800) hook activated.
09-11-2019 03:46 [INFO] [MyPet] ProtocolLib (4.5.0-SNAPSHOT) hook activated.
09-11-2019 03:46 [INFO] [MyPet] SkillAPI (1.9) hook activated.
09-11-2019 03:46 [INFO] [MyPet] Vault (1.7.2-b107) (Economy: Craftconomy3) (Permissions: PermissionsEx) hook activated.
09-11-2019 03:46 [INFO] [MyPet] WorldGuard (7.0.1-beta-01;14e7525) hook activated.
09-11-2019 03:46 [INFO] [MyPet] version 3.8-b1505 ENABLED
09-11-2019 04:06 [INFO] [MyPet] Disabling MyPet v3.8
09-11-2019 04:37 [INFO] [MyPet] Error-Reporter ENABLED
09-11-2019 04:38 [INFO] [MyPet] Enabling MyPet v3.8
09-11-2019 04:38 [INFO] [MyPet] No Update available.
09-11-2019 04:38 [INFO] [MyPet] Custom entity registry found: net.citizensnpcs.nms.v1_14_R1.util.CustomEntityRegistry
09-11-2019 04:38 [INFO] [MyPet] Compat mode for v1_14_R1 loaded.
09-11-2019 04:38 [INFO] [MyPet] Exp calculation mode: MyPet
09-11-2019 04:38 [INFO] [MyPet] Loading WorldGroups...
09-11-2019 04:38 [INFO] [MyPet]    added 'Esparcraft' to 'default'
09-11-2019 04:38 [INFO] [MyPet]    added 'Drachenfels' to 'default'
09-11-2019 04:38 [INFO] [MyPet]    added 'Repository' to 'default'
09-11-2019 04:38 [INFO] [MyPet]    added 'treepack2' to 'default'
09-11-2019 04:38 [INFO] [MyPet]    added 'Repository2' to 'default'
09-11-2019 04:38 [INFO] [MyPet]    added 'treepack' to 'default'
09-11-2019 04:38 [INFO] [MyPet]    added 'Hurlton' to 'default'
09-11-2019 04:38 [INFO] [MyPet]    added 'Meslajho' to 'default'
09-11-2019 04:38 [INFO] [MyPet]    added 'Norendal' to 'default'
09-11-2019 04:38 [INFO] [MyPet]    added 'Leshir' to 'default'
09-11-2019 04:38 [INFO] [MyPet] Connect to SQLite database...
09-11-2019 04:38 [INFO] [MyPet] SQLite connection successful.
09-11-2019 04:38 [INFO] [MyPet] Citizens (2.0.25-SNAPSHOT (build 1746)) hook activated.
09-11-2019 04:38 [INFO] [MyPet] MythicMobs (4.6.5-2800) hook activated.
09-11-2019 04:38 [INFO] [MyPet] ProtocolLib (4.5.0-SNAPSHOT) hook activated.
09-11-2019 04:38 [INFO] [MyPet] SkillAPI (1.9) hook activated.
09-11-2019 04:38 [INFO] [MyPet] Vault (1.7.2-b107) (Economy: TheNewEconomy) (Permissions: PermissionsEx) hook activated.
09-11-2019 04:38 [INFO] [MyPet] WorldGuard (7.0.1-beta-01;14e7525) hook activated.
09-11-2019 04:38 [INFO] [MyPet] version 3.8-b1505 ENABLED
09-11-2019 04:40 [INFO] [MyPet] Disabling MyPet v3.8
09-11-2019 12:31 [INFO] [MyPet] Error-Reporter ENABLED
09-11-2019 12:32 [INFO] [MyPet] Enabling MyPet v3.8
09-11-2019 12:32 [INFO] [MyPet] No Update available.
09-11-2019 12:32 [INFO] [MyPet] Custom entity registry found: net.citizensnpcs.nms.v1_14_R1.util.CustomEntityRegistry
09-11-2019 12:32 [INFO] [MyPet] Compat mode for v1_14_R1 loaded.
09-11-2019 12:32 [INFO] [MyPet] Exp calculation mode: MyPet
09-11-2019 12:32 [INFO] [MyPet] Loading WorldGroups...
09-11-2019 12:32 [INFO] [MyPet]    added 'Esparcraft' to 'default'
09-11-2019 12:32 [INFO] [MyPet]    added 'Drachenfels' to 'default'
09-11-2019 12:32 [INFO] [MyPet]    added 'Repository' to 'default'
09-11-2019 12:32 [INFO] [MyPet]    added 'treepack2' to 'default'
09-11-2019 12:32 [INFO] [MyPet]    added 'Repository2' to 'default'
09-11-2019 12:32 [INFO] [MyPet]    added 'treepack' to 'default'
09-11-2019 12:32 [INFO] [MyPet]    added 'Hurlton' to 'default'
09-11-2019 12:32 [INFO] [MyPet]    added 'Meslajho' to 'default'
09-11-2019 12:32 [INFO] [MyPet]    added 'Norendal' to 'default'
09-11-2019 12:32 [INFO] [MyPet]    added 'Leshir' to 'default'
09-11-2019 12:32 [INFO] [MyPet] Connect to SQLite database...
09-11-2019 12:32 [INFO] [MyPet] SQLite connection successful.
09-11-2019 12:32 [INFO] [MyPet] Citizens (2.0.25-SNAPSHOT (build 1746)) hook activated.
09-11-2019 12:32 [INFO] [MyPet] MythicMobs (4.6.5-2800) hook activated.
09-11-2019 12:32 [INFO] [MyPet] ProtocolLib (4.5.0-SNAPSHOT) hook activated.
09-11-2019 12:32 [INFO] [MyPet] SkillAPI (1.9) hook activated.
09-11-2019 12:32 [INFO] [MyPet] Vault (1.7.2-b107) (Permissions: PermissionsEx) hook activated.
09-11-2019 12:32 [INFO] [MyPet] WorldGuard (7.0.1-beta-01;14e7525) hook activated.
09-11-2019 12:32 [INFO] [MyPet] version 3.8-b1505 ENABLED
09-11-2019 12:34 [INFO] [MyPet] Disabling MyPet v3.8
09-11-2019 14:12 [INFO] [MyPet] Error-Reporter ENABLED
09-11-2019 14:13 [INFO] [MyPet] Enabling MyPet v3.8
09-11-2019 14:13 [INFO] [MyPet] No Update available.
09-11-2019 14:13 [INFO] [MyPet] Custom entity registry found: net.citizensnpcs.nms.v1_14_R1.util.CustomEntityRegistry
09-11-2019 14:13 [INFO] [MyPet] Compat mode for v1_14_R1 loaded.
09-11-2019 14:13 [INFO] [MyPet] Exp calculation mode: MyPet
09-11-2019 14:13 [INFO] [MyPet] Loading WorldGroups...
09-11-2019 14:13 [INFO] [MyPet]    added 'Esparcraft' to 'default'
09-11-2019 14:13 [INFO] [MyPet]    added 'Drachenfels' to 'default'
09-11-2019 14:13 [INFO] [MyPet]    added 'Repository' to 'default'
09-11-2019 14:13 [INFO] [MyPet]    added 'treepack2' to 'default'
09-11-2019 14:13 [INFO] [MyPet]    added 'Repository2' to 'default'
09-11-2019 14:13 [INFO] [MyPet]    added 'treepack' to 'default'
09-11-2019 14:13 [INFO] [MyPet]    added 'Hurlton' to 'default'
09-11-2019 14:13 [INFO] [MyPet]    added 'Meslajho' to 'default'
09-11-2019 14:13 [INFO] [MyPet]    added 'Norendal' to 'default'
09-11-2019 14:13 [INFO] [MyPet]    added 'Leshir' to 'default'
09-11-2019 14:13 [INFO] [MyPet] Connect to SQLite database...
09-11-2019 14:13 [INFO] [MyPet] SQLite connection successful.
09-11-2019 14:13 [INFO] [MyPet] Citizens (2.0.25-SNAPSHOT (build 1746)) hook activated.
09-11-2019 14:13 [INFO] [MyPet] MythicMobs (4.6.5-2800) hook activated.
09-11-2019 14:13 [INFO] [MyPet] ProtocolLib (4.5.0-SNAPSHOT) hook activated.
09-11-2019 14:13 [INFO] [MyPet] SkillAPI (1.9) hook activated.
09-11-2019 14:13 [INFO] [MyPet] Vault (1.7.2-b107) (Economy: TheNewEconomy) (Permissions: PermissionsEx) hook activated.
09-11-2019 14:13 [INFO] [MyPet] WorldGuard (7.0.1-beta-01;14e7525) hook activated.
09-11-2019 14:13 [INFO] [MyPet] version 3.8-b1505 ENABLED
09-11-2019 14:28 [INFO] [MyPet] Disabling MyPet v3.8
09-11-2019 14:29 [INFO] [MyPet] Error-Reporter ENABLED
09-11-2019 14:30 [INFO] [MyPet] Enabling MyPet v3.8
09-11-2019 14:30 [INFO] [MyPet] No Update available.
09-11-2019 14:30 [INFO] [MyPet] Custom entity registry found: net.citizensnpcs.nms.v1_14_R1.util.CustomEntityRegistry
09-11-2019 14:30 [INFO] [MyPet] Compat mode for v1_14_R1 loaded.
09-11-2019 14:30 [INFO] [MyPet] Exp calculation mode: MyPet
09-11-2019 14:30 [INFO] [MyPet] Loading WorldGroups...
09-11-2019 14:30 [INFO] [MyPet]    added 'Esparcraft' to 'default'
09-11-2019 14:30 [INFO] [MyPet]    added 'Drachenfels' to 'default'
09-11-2019 14:30 [INFO] [MyPet]    added 'Repository' to 'default'
09-11-2019 14:30 [INFO] [MyPet]    added 'treepack2' to 'default'
09-11-2019 14:30 [INFO] [MyPet]    added 'Repository2' to 'default'
09-11-2019 14:30 [INFO] [MyPet]    added 'treepack' to 'default'
09-11-2019 14:30 [INFO] [MyPet]    added 'Hurlton' to 'default'
09-11-2019 14:30 [INFO] [MyPet]    added 'Meslajho' to 'default'
09-11-2019 14:30 [INFO] [MyPet]    added 'Norendal' to 'default'
09-11-2019 14:30 [INFO] [MyPet]    added 'Leshir' to 'default'
09-11-2019 14:30 [INFO] [MyPet] Connect to SQLite database...
09-11-2019 14:30 [INFO] [MyPet] SQLite connection successful.
09-11-2019 14:30 [INFO] [MyPet] Citizens (2.0.25-SNAPSHOT (build 1746)) hook activated.
09-11-2019 14:30 [INFO] [MyPet] MythicMobs (4.6.5-2800) hook activated.
09-11-2019 14:30 [INFO] [MyPet] ProtocolLib (4.5.0-SNAPSHOT) hook activated.
09-11-2019 14:30 [INFO] [MyPet] SkillAPI (1.9) hook activated.
09-11-2019 14:30 [INFO] [MyPet] Vault (1.7.2-b107) (Economy: Craftconomy3) (Permissions: PermissionsEx) hook activated.
09-11-2019 14:30 [INFO] [MyPet] WorldGuard (7.0.1-beta-01;14e7525) hook activated.
09-11-2019 14:30 [INFO] [MyPet] version 3.8-b1505 ENABLED
09-11-2019 14:33 [INFO] [MyPet] Disabling MyPet v3.8
09-11-2019 20:15 [INFO] [MyPet] Error-Reporter ENABLED
09-11-2019 20:16 [INFO] [MyPet] Enabling MyPet v3.8
09-11-2019 20:16 [INFO] [MyPet] No Update available.
09-11-2019 20:16 [INFO] [MyPet] Custom entity registry found: net.citizensnpcs.nms.v1_14_R1.util.CustomEntityRegistry
09-11-2019 20:16 [INFO] [MyPet] Compat mode for v1_14_R1 loaded.
09-11-2019 20:16 [INFO] [MyPet] Exp calculation mode: MyPet
09-11-2019 20:16 [INFO] [MyPet] Loading WorldGroups...
09-11-2019 20:16 [INFO] [MyPet]    added 'Esparcraft' to 'default'
09-11-2019 20:16 [INFO] [MyPet]    added 'Drachenfels' to 'default'
09-11-2019 20:16 [INFO] [MyPet]    added 'Repository' to 'default'
09-11-2019 20:16 [INFO] [MyPet]    added 'treepack2' to 'default'
09-11-2019 20:16 [INFO] [MyPet]    added 'Repository2' to 'default'
09-11-2019 20:16 [INFO] [MyPet]    added 'treepack' to 'default'
09-11-2019 20:16 [INFO] [MyPet]    added 'Hurlton' to 'default'
09-11-2019 20:16 [INFO] [MyPet]    added 'Meslajho' to 'default'
09-11-2019 20:16 [INFO] [MyPet]    added 'Norendal' to 'default'
09-11-2019 20:16 [INFO] [MyPet]    added 'Leshir' to 'default'
09-11-2019 20:16 [INFO] [MyPet] Connect to SQLite database...
09-11-2019 20:16 [INFO] [MyPet] SQLite connection successful.
09-11-2019 20:16 [INFO] [MyPet] Citizens (2.0.25-SNAPSHOT (build 1746)) hook activated.
09-11-2019 20:16 [INFO] [MyPet] MythicMobs (4.6.5-2800) hook activated.
09-11-2019 20:16 [INFO] [MyPet] ProtocolLib (4.5.0-SNAPSHOT) hook activated.
09-11-2019 20:16 [INFO] [MyPet] SkillAPI (1.9) hook activated.
09-11-2019 20:16 [INFO] [MyPet] Vault (1.7.2-b107) (Economy: TheNewEconomy) (Permissions: PermissionsEx) hook activated.
09-11-2019 20:16 [INFO] [MyPet] WorldGuard (7.0.1-beta-01;14e7525) hook activated.
09-11-2019 20:16 [INFO] [MyPet] version 3.8-b1505 ENABLED
09-11-2019 20:20 [INFO] [MyPet] Disabling MyPet v3.8
09-11-2019 20:22 [INFO] [MyPet] Error-Reporter ENABLED
09-11-2019 20:23 [INFO] [MyPet] Enabling MyPet v3.8
09-11-2019 20:23 [INFO] [MyPet] No Update available.
09-11-2019 20:23 [INFO] [MyPet] Custom entity registry found: net.citizensnpcs.nms.v1_14_R1.util.CustomEntityRegistry
09-11-2019 20:23 [INFO] [MyPet] Compat mode for v1_14_R1 loaded.
09-11-2019 20:23 [INFO] [MyPet] Exp calculation mode: MyPet
09-11-2019 20:23 [INFO] [MyPet] Loading WorldGroups...
09-11-2019 20:23 [INFO] [MyPet]    added 'Esparcraft' to 'default'
09-11-2019 20:23 [INFO] [MyPet]    added 'Drachenfels' to 'default'
09-11-2019 20:23 [INFO] [MyPet]    added 'Repository' to 'default'
09-11-2019 20:23 [INFO] [MyPet]    added 'treepack2' to 'default'
09-11-2019 20:23 [INFO] [MyPet]    added 'Repository2' to 'default'
09-11-2019 20:23 [INFO] [MyPet]    added 'treepack' to 'default'
09-11-2019 20:23 [INFO] [MyPet]    added 'Hurlton' to 'default'
09-11-2019 20:23 [INFO] [MyPet]    added 'Meslajho' to 'default'
09-11-2019 20:23 [INFO] [MyPet]    added 'Norendal' to 'default'
09-11-2019 20:23 [INFO] [MyPet]    added 'Leshir' to 'default'
09-11-2019 20:23 [INFO] [MyPet] Connect to SQLite database...
09-11-2019 20:23 [INFO] [MyPet] SQLite connection successful.
09-11-2019 20:23 [INFO] [MyPet] Citizens (2.0.25-SNAPSHOT (build 1746)) hook activated.
09-11-2019 20:23 [INFO] [MyPet] MythicMobs (4.6.5-2800) hook activated.
09-11-2019 20:23 [INFO] [MyPet] ProtocolLib (4.5.0-SNAPSHOT) hook activated.
09-11-2019 20:23 [INFO] [MyPet] SkillAPI (1.9) hook activated.
09-11-2019 20:23 [INFO] [MyPet] Vault (1.7.2-b107) (Economy: Ultimate_Economy) (Permissions: PermissionsEx) hook activated.
09-11-2019 20:23 [INFO] [MyPet] WorldGuard (7.0.1-beta-01;14e7525) hook activated.
09-11-2019 20:23 [INFO] [MyPet] version 3.8-b1505 ENABLED
09-11-2019 20:26 [INFO] [MyPet] Disabling MyPet v3.8
09-11-2019 20:29 [INFO] [MyPet] Error-Reporter ENABLED
09-11-2019 20:29 [INFO] [MyPet] Enabling MyPet v3.8
09-11-2019 20:29 [INFO] [MyPet] No Update available.
09-11-2019 20:29 [INFO] [MyPet] Custom entity registry found: net.citizensnpcs.nms.v1_14_R1.util.CustomEntityRegistry
09-11-2019 20:29 [INFO] [MyPet] Compat mode for v1_14_R1 loaded.
09-11-2019 20:29 [INFO] [MyPet] Exp calculation mode: MyPet
09-11-2019 20:29 [INFO] [MyPet] Loading WorldGroups...
09-11-2019 20:29 [INFO] [MyPet]    added 'Esparcraft' to 'default'
09-11-2019 20:29 [INFO] [MyPet]    added 'Drachenfels' to 'default'
09-11-2019 20:29 [INFO] [MyPet]    added 'Repository' to 'default'
09-11-2019 20:29 [INFO] [MyPet]    added 'treepack2' to 'default'
09-11-2019 20:29 [INFO] [MyPet]    added 'Repository2' to 'default'
09-11-2019 20:29 [INFO] [MyPet]    added 'treepack' to 'default'
09-11-2019 20:29 [INFO] [MyPet]    added 'Hurlton' to 'default'
09-11-2019 20:29 [INFO] [MyPet]    added 'Meslajho' to 'default'
09-11-2019 20:29 [INFO] [MyPet]    added 'Norendal' to 'default'
09-11-2019 20:29 [INFO] [MyPet]    added 'Leshir' to 'default'
09-11-2019 20:29 [INFO] [MyPet] Connect to SQLite database...
09-11-2019 20:29 [INFO] [MyPet] SQLite connection successful.
09-11-2019 20:29 [INFO] [MyPet] Citizens (2.0.25-SNAPSHOT (build 1746)) hook activated.
09-11-2019 20:29 [INFO] [MyPet] MythicMobs (4.6.5-2800) hook activated.
09-11-2019 20:29 [INFO] [MyPet] ProtocolLib (4.5.0-SNAPSHOT) hook activated.
09-11-2019 20:29 [INFO] [MyPet] SkillAPI (1.9) hook activated.
09-11-2019 20:29 [INFO] [MyPet] Vault (1.7.2-b107) (Economy: TheNewEconomy) (Permissions: PermissionsEx) hook activated.
09-11-2019 20:29 [INFO] [MyPet] WorldGuard (7.0.1-beta-01;14e7525) hook activated.
09-11-2019 20:29 [INFO] [MyPet] version 3.8-b1505 ENABLED
09-11-2019 20:35 [INFO] [MyPet] Disabling MyPet v3.8
09-12-2019 01:38 [INFO] [MyPet] Error-Reporter ENABLED
09-12-2019 01:40 [INFO] [MyPet] Enabling MyPet v3.8
09-12-2019 01:40 [INFO] [MyPet] No Update available.
09-12-2019 01:40 [INFO] [MyPet] Custom entity registry found: net.citizensnpcs.nms.v1_14_R1.util.CustomEntityRegistry
09-12-2019 01:40 [INFO] [MyPet] Compat mode for v1_14_R1 loaded.
09-12-2019 01:40 [INFO] [MyPet] Exp calculation mode: MyPet
09-12-2019 01:40 [INFO] [MyPet] Loading WorldGroups...
09-12-2019 01:40 [INFO] [MyPet]    added 'Esparcraft' to 'default'
09-12-2019 01:40 [INFO] [MyPet]    added 'Drachenfels' to 'default'
09-12-2019 01:40 [INFO] [MyPet]    added 'Repository' to 'default'
09-12-2019 01:40 [INFO] [MyPet]    added 'treepack2' to 'default'
09-12-2019 01:40 [INFO] [MyPet]    added 'Repository2' to 'default'
09-12-2019 01:40 [INFO] [MyPet]    added 'treepack' to 'default'
09-12-2019 01:40 [INFO] [MyPet]    added 'Hurlton' to 'default'
09-12-2019 01:40 [INFO] [MyPet]    added 'Meslajho' to 'default'
09-12-2019 01:40 [INFO] [MyPet]    added 'Norendal' to 'default'
09-12-2019 01:40 [INFO] [MyPet]    added 'Leshir' to 'default'
09-12-2019 01:40 [INFO] [MyPet] Connect to SQLite database...
09-12-2019 01:40 [INFO] [MyPet] SQLite connection successful.
09-12-2019 01:40 [INFO] [MyPet] Citizens (2.0.25-SNAPSHOT (build 1746)) hook activated.
09-12-2019 01:40 [INFO] [MyPet] MythicMobs (4.6.5-2800) hook activated.
09-12-2019 01:40 [INFO] [MyPet] ProtocolLib (4.5.0-SNAPSHOT) hook activated.
09-12-2019 01:40 [INFO] [MyPet] SkillAPI (1.9) hook activated.
09-12-2019 01:40 [INFO] [MyPet] Vault (1.7.2-b107) (Economy: TheNewEconomy) (Permissions: PermissionsEx) hook activated.
09-12-2019 01:40 [INFO] [MyPet] WorldGuard (7.0.1-beta-01;14e7525) hook activated.
09-12-2019 01:40 [INFO] [MyPet] version 3.8-b1505 ENABLED
09-12-2019 01:48 [INFO] [MyPet] Disabling MyPet v3.8
09-12-2019 02:01 [INFO] [MyPet] Error-Reporter ENABLED
09-12-2019 02:02 [INFO] [MyPet] Enabling MyPet v3.8
09-12-2019 02:02 [INFO] [MyPet] No Update available.
09-12-2019 02:02 [INFO] [MyPet] Custom entity registry found: net.citizensnpcs.nms.v1_14_R1.util.CustomEntityRegistry
09-12-2019 02:02 [INFO] [MyPet] Compat mode for v1_14_R1 loaded.
09-12-2019 02:02 [INFO] [MyPet] Exp calculation mode: MyPet
09-12-2019 02:02 [INFO] [MyPet] Loading WorldGroups...
09-12-2019 02:02 [INFO] [MyPet]    added 'Esparcraft' to 'default'
09-12-2019 02:02 [INFO] [MyPet]    added 'Drachenfels' to 'default'
09-12-2019 02:02 [INFO] [MyPet]    added 'Repository' to 'default'
09-12-2019 02:02 [INFO] [MyPet]    added 'treepack2' to 'default'
09-12-2019 02:02 [INFO] [MyPet]    added 'Repository2' to 'default'
09-12-2019 02:02 [INFO] [MyPet]    added 'treepack' to 'default'
09-12-2019 02:02 [INFO] [MyPet]    added 'Hurlton' to 'default'
09-12-2019 02:02 [INFO] [MyPet]    added 'Meslajho' to 'default'
09-12-2019 02:02 [INFO] [MyPet]    added 'Norendal' to 'default'
09-12-2019 02:02 [INFO] [MyPet]    added 'Leshir' to 'default'
09-12-2019 02:02 [INFO] [MyPet] Connect to SQLite database...
09-12-2019 02:02 [INFO] [MyPet] SQLite connection successful.
09-12-2019 02:02 [INFO] [MyPet] Citizens (2.0.25-SNAPSHOT (build 1746)) hook activated.
09-12-2019 02:02 [INFO] [MyPet] MythicMobs (4.6.5-2800) hook activated.
09-12-2019 02:02 [INFO] [MyPet] ProtocolLib (4.5.0-SNAPSHOT) hook activated.
09-12-2019 02:02 [INFO] [MyPet] SkillAPI (1.9) hook activated.
09-12-2019 02:02 [INFO] [MyPet] Vault (1.7.2-b107) (Permissions: PermissionsEx) hook activated.
09-12-2019 02:02 [INFO] [MyPet] WorldGuard (7.0.1-beta-01;14e7525) hook activated.
09-12-2019 02:02 [INFO] [MyPet] version 3.8-b1505 ENABLED
09-12-2019 02:04 [INFO] [MyPet] Disabling MyPet v3.8
09-12-2019 02:09 [INFO] [MyPet] Error-Reporter ENABLED
09-12-2019 02:10 [INFO] [MyPet] Enabling MyPet v3.8
09-12-2019 02:10 [INFO] [MyPet] No Update available.
09-12-2019 02:10 [INFO] [MyPet] Custom entity registry found: net.citizensnpcs.nms.v1_14_R1.util.CustomEntityRegistry
09-12-2019 02:10 [INFO] [MyPet] Compat mode for v1_14_R1 loaded.
09-12-2019 02:10 [INFO] [MyPet] Exp calculation mode: MyPet
09-12-2019 02:10 [INFO] [MyPet] Loading WorldGroups...
09-12-2019 02:10 [INFO] [MyPet]    added 'Esparcraft' to 'default'
09-12-2019 02:10 [INFO] [MyPet]    added 'Drachenfels' to 'default'
09-12-2019 02:10 [INFO] [MyPet]    added 'Repository' to 'default'
09-12-2019 02:10 [INFO] [MyPet]    added 'treepack2' to 'default'
09-12-2019 02:10 [INFO] [MyPet]    added 'Repository2' to 'default'
09-12-2019 02:10 [INFO] [MyPet]    added 'treepack' to 'default'
09-12-2019 02:10 [INFO] [MyPet]    added 'Hurlton' to 'default'
09-12-2019 02:10 [INFO] [MyPet]    added 'Meslajho' to 'default'
09-12-2019 02:10 [INFO] [MyPet]    added 'Norendal' to 'default'
09-12-2019 02:10 [INFO] [MyPet]    added 'Leshir' to 'default'
09-12-2019 02:10 [INFO] [MyPet] Connect to SQLite database...
09-12-2019 02:10 [INFO] [MyPet] SQLite connection successful.
09-12-2019 02:10 [INFO] [MyPet] Citizens (2.0.25-SNAPSHOT (build 1746)) hook activated.
09-12-2019 02:10 [INFO] [MyPet] MythicMobs (4.6.5-2800) hook activated.
09-12-2019 02:10 [INFO] [MyPet] ProtocolLib (4.5.0-SNAPSHOT) hook activated.
09-12-2019 02:10 [INFO] [MyPet] SkillAPI (1.9) hook activated.
09-12-2019 02:10 [INFO] [MyPet] Vault (1.7.2-b107) (Permissions: PermissionsEx) hook activated.
09-12-2019 02:10 [INFO] [MyPet] WorldGuard (7.0.1-beta-01;14e7525) hook activated.
09-12-2019 02:10 [INFO] [MyPet] version 3.8-b1505 ENABLED
09-12-2019 02:16 [INFO] [MyPet] Disabling MyPet v3.8
09-12-2019 02:17 [INFO] [MyPet] Error-Reporter ENABLED
09-12-2019 02:18 [INFO] [MyPet] Enabling MyPet v3.8
09-12-2019 02:18 [INFO] [MyPet] No Update available.
09-12-2019 02:18 [INFO] [MyPet] Custom entity registry found: net.citizensnpcs.nms.v1_14_R1.util.CustomEntityRegistry
09-12-2019 02:18 [INFO] [MyPet] Compat mode for v1_14_R1 loaded.
09-12-2019 02:18 [INFO] [MyPet] Exp calculation mode: MyPet
09-12-2019 02:18 [INFO] [MyPet] Loading WorldGroups...
09-12-2019 02:18 [INFO] [MyPet]    added 'Esparcraft' to 'default'
09-12-2019 02:18 [INFO] [MyPet]    added 'Drachenfels' to 'default'
09-12-2019 02:18 [INFO] [MyPet]    added 'Repository' to 'default'
09-12-2019 02:18 [INFO] [MyPet]    added 'treepack2' to 'default'
09-12-2019 02:18 [INFO] [MyPet]    added 'Repository2' to 'default'
09-12-2019 02:18 [INFO] [MyPet]    added 'treepack' to 'default'
09-12-2019 02:18 [INFO] [MyPet]    added 'Hurlton' to 'default'
09-12-2019 02:18 [INFO] [MyPet]    added 'Meslajho' to 'default'
09-12-2019 02:18 [INFO] [MyPet]    added 'Norendal' to 'default'
09-12-2019 02:18 [INFO] [MyPet]    added 'Leshir' to 'default'
09-12-2019 02:18 [INFO] [MyPet] Connect to SQLite database...
09-12-2019 02:18 [INFO] [MyPet] SQLite connection successful.
09-12-2019 02:18 [INFO] [MyPet] Citizens (2.0.25-SNAPSHOT (build 1746)) hook activated.
09-12-2019 02:18 [INFO] [MyPet] MythicMobs (4.6.5-2800) hook activated.
09-12-2019 02:18 [INFO] [MyPet] ProtocolLib (4.5.0-SNAPSHOT) hook activated.
09-12-2019 02:18 [INFO] [MyPet] SkillAPI (1.9) hook activated.
09-12-2019 02:18 [INFO] [MyPet] Vault (1.7.2-b107) (Economy: GemsEconomy) (Permissions: PermissionsEx) hook activated.
09-12-2019 02:18 [INFO] [MyPet] WorldGuard (7.0.1-beta-01;14e7525) hook activated.
09-12-2019 02:18 [INFO] [MyPet] version 3.8-b1505 ENABLED
09-12-2019 02:20 [INFO] [MyPet] Disabling MyPet v3.8
09-12-2019 02:23 [INFO] [MyPet] Error-Reporter ENABLED
09-12-2019 02:24 [INFO] [MyPet] Enabling MyPet v3.8
09-12-2019 02:24 [INFO] [MyPet] No Update available.
09-12-2019 02:24 [INFO] [MyPet] Custom entity registry found: net.citizensnpcs.nms.v1_14_R1.util.CustomEntityRegistry
09-12-2019 02:24 [INFO] [MyPet] Compat mode for v1_14_R1 loaded.
09-12-2019 02:24 [INFO] [MyPet] Exp calculation mode: MyPet
09-12-2019 02:24 [INFO] [MyPet] Loading WorldGroups...
09-12-2019 02:24 [INFO] [MyPet]    added 'Esparcraft' to 'default'
09-12-2019 02:24 [INFO] [MyPet]    added 'Drachenfels' to 'default'
09-12-2019 02:24 [INFO] [MyPet]    added 'Repository' to 'default'
09-12-2019 02:24 [INFO] [MyPet]    added 'treepack2' to 'default'
09-12-2019 02:24 [INFO] [MyPet]    added 'Repository2' to 'default'
09-12-2019 02:24 [INFO] [MyPet]    added 'treepack' to 'default'
09-12-2019 02:24 [INFO] [MyPet]    added 'Hurlton' to 'default'
09-12-2019 02:24 [INFO] [MyPet]    added 'Meslajho' to 'default'
09-12-2019 02:24 [INFO] [MyPet]    added 'Norendal' to 'default'
09-12-2019 02:24 [INFO] [MyPet]    added 'Leshir' to 'default'
09-12-2019 02:24 [INFO] [MyPet] Connect to SQLite database...
09-12-2019 02:24 [INFO] [MyPet] SQLite connection successful.
09-12-2019 02:24 [INFO] [MyPet] Citizens (2.0.25-SNAPSHOT (build 1746)) hook activated.
09-12-2019 02:24 [INFO] [MyPet] MythicMobs (4.6.5-2800) hook activated.
09-12-2019 02:24 [INFO] [MyPet] ProtocolLib (4.5.0-SNAPSHOT) hook activated.
09-12-2019 02:24 [INFO] [MyPet] SkillAPI (1.9) hook activated.
09-12-2019 02:24 [INFO] [MyPet] Vault (1.7.2-b107) (Economy: Essentials Economy) (Permissions: PermissionsEx) hook activated.
09-12-2019 02:24 [INFO] [MyPet] WorldGuard (7.0.1-beta-01;14e7525) hook activated.
09-12-2019 02:24 [INFO] [MyPet] version 3.8-b1505 ENABLED
09-12-2019 02:26 [INFO] [MyPet] Disabling MyPet v3.8
09-12-2019 02:37 [INFO] [MyPet] Error-Reporter ENABLED
09-12-2019 02:38 [INFO] [MyPet] Enabling MyPet v3.8
09-12-2019 02:38 [INFO] [MyPet] No Update available.
09-12-2019 02:38 [INFO] [MyPet] Custom entity registry found: net.citizensnpcs.nms.v1_14_R1.util.CustomEntityRegistry
09-12-2019 02:38 [INFO] [MyPet] Compat mode for v1_14_R1 loaded.
09-12-2019 02:38 [INFO] [MyPet] Exp calculation mode: MyPet
09-12-2019 02:38 [INFO] [MyPet] Loading WorldGroups...
09-12-2019 02:38 [INFO] [MyPet]    added 'Esparcraft' to 'default'
09-12-2019 02:38 [INFO] [MyPet]    added 'Drachenfels' to 'default'
09-12-2019 02:38 [INFO] [MyPet]    added 'Repository' to 'default'
09-12-2019 02:38 [INFO] [MyPet]    added 'treepack2' to 'default'
09-12-2019 02:38 [INFO] [MyPet]    added 'Repository2' to 'default'
09-12-2019 02:38 [INFO] [MyPet]    added 'treepack' to 'default'
09-12-2019 02:38 [INFO] [MyPet]    added 'Hurlton' to 'default'
09-12-2019 02:38 [INFO] [MyPet]    added 'Meslajho' to 'default'
09-12-2019 02:38 [INFO] [MyPet]    added 'Norendal' to 'default'
09-12-2019 02:38 [INFO] [MyPet]    added 'Leshir' to 'default'
09-12-2019 02:38 [INFO] [MyPet] Connect to SQLite database...
09-12-2019 02:38 [INFO] [MyPet] SQLite connection successful.
09-12-2019 02:38 [INFO] [MyPet] Citizens (2.0.25-SNAPSHOT (build 1746)) hook activated.
09-12-2019 02:38 [INFO] [MyPet] MythicMobs (4.6.5-2800) hook activated.
09-12-2019 02:38 [INFO] [MyPet] ProtocolLib (4.5.0-SNAPSHOT) hook activated.
09-12-2019 02:38 [INFO] [MyPet] SkillAPI (1.9) hook activated.
09-12-2019 02:38 [INFO] [MyPet] Vault (1.7.2-b107) (Economy: Essentials Economy) (Permissions: PermissionsEx) hook activated.
09-12-2019 02:38 [INFO] [MyPet] WorldGuard (7.0.1-beta-01;14e7525) hook activated.
09-12-2019 02:38 [INFO] [MyPet] version 3.8-b1505 ENABLED
09-12-2019 02:40 [INFO] [MyPet] Disabling MyPet v3.8
09-12-2019 02:44 [INFO] [MyPet] Error-Reporter ENABLED
09-12-2019 02:45 [INFO] [MyPet] Enabling MyPet v3.8
09-12-2019 02:45 [INFO] [MyPet] No Update available.
09-12-2019 02:45 [INFO] [MyPet] Custom entity registry found: net.citizensnpcs.nms.v1_14_R1.util.CustomEntityRegistry
09-12-2019 02:45 [INFO] [MyPet] Compat mode for v1_14_R1 loaded.
09-12-2019 02:45 [INFO] [MyPet] Exp calculation mode: MyPet
09-12-2019 02:45 [INFO] [MyPet] Loading WorldGroups...
09-12-2019 02:45 [INFO] [MyPet]    added 'Esparcraft' to 'default'
09-12-2019 02:45 [INFO] [MyPet]    added 'Drachenfels' to 'default'
09-12-2019 02:45 [INFO] [MyPet]    added 'Repository' to 'default'
09-12-2019 02:45 [INFO] [MyPet]    added 'treepack2' to 'default'
09-12-2019 02:45 [INFO] [MyPet]    added 'Repository2' to 'default'
09-12-2019 02:45 [INFO] [MyPet]    added 'treepack' to 'default'
09-12-2019 02:45 [INFO] [MyPet]    added 'Hurlton' to 'default'
09-12-2019 02:45 [INFO] [MyPet]    added 'Meslajho' to 'default'
09-12-2019 02:45 [INFO] [MyPet]    added 'Norendal' to 'default'
09-12-2019 02:45 [INFO] [MyPet]    added 'Leshir' to 'default'
09-12-2019 02:45 [INFO] [MyPet] Connect to SQLite database...
09-12-2019 02:45 [INFO] [MyPet] SQLite connection successful.
09-12-2019 02:45 [INFO] [MyPet] Citizens (2.0.25-SNAPSHOT (build 1746)) hook activated.
09-12-2019 02:45 [INFO] [MyPet] MythicMobs (4.6.5-2800) hook activated.
09-12-2019 02:45 [INFO] [MyPet] ProtocolLib (4.5.0-SNAPSHOT) hook activated.
09-12-2019 02:45 [INFO] [MyPet] SkillAPI (1.9) hook activated.
09-12-2019 02:45 [INFO] [MyPet] Vault (1.7.2-b107) (Economy: GemsEconomy) (Permissions: LuckPerms) hook activated.
09-12-2019 02:45 [INFO] [MyPet] WorldGuard (7.0.1-beta-01;14e7525) hook activated.
09-12-2019 02:45 [INFO] [MyPet] version 3.8-b1505 ENABLED
09-12-2019 02:55 [INFO] [MyPet] Disabling MyPet v3.8
09-12-2019 02:56 [INFO] [MyPet] Error-Reporter ENABLED
09-12-2019 02:57 [INFO] [MyPet] Enabling MyPet v3.8
09-12-2019 02:57 [INFO] [MyPet] No Update available.
09-12-2019 02:57 [INFO] [MyPet] Custom entity registry found: net.citizensnpcs.nms.v1_14_R1.util.CustomEntityRegistry
09-12-2019 02:57 [INFO] [MyPet] Compat mode for v1_14_R1 loaded.
09-12-2019 02:57 [INFO] [MyPet] Exp calculation mode: MyPet
09-12-2019 02:57 [INFO] [MyPet] Loading WorldGroups...
09-12-2019 02:57 [INFO] [MyPet]    added 'Esparcraft' to 'default'
09-12-2019 02:57 [INFO] [MyPet]    added 'Drachenfels' to 'default'
09-12-2019 02:57 [INFO] [MyPet]    added 'Repository' to 'default'
09-12-2019 02:57 [INFO] [MyPet]    added 'treepack2' to 'default'
09-12-2019 02:57 [INFO] [MyPet]    added 'Repository2' to 'default'
09-12-2019 02:57 [INFO] [MyPet]    added 'treepack' to 'default'
09-12-2019 02:57 [INFO] [MyPet]    added 'Hurlton' to 'default'
09-12-2019 02:57 [INFO] [MyPet]    added 'Meslajho' to 'default'
09-12-2019 02:57 [INFO] [MyPet]    added 'Norendal' to 'default'
09-12-2019 02:57 [INFO] [MyPet]    added 'Leshir' to 'default'
09-12-2019 02:57 [INFO] [MyPet] Connect to SQLite database...
09-12-2019 02:57 [INFO] [MyPet] SQLite connection successful.
09-12-2019 02:57 [INFO] [MyPet] Citizens (2.0.25-SNAPSHOT (build 1746)) hook activated.
09-12-2019 02:57 [INFO] [MyPet] MythicMobs (4.6.5-2800) hook activated.
09-12-2019 02:57 [INFO] [MyPet] ProtocolLib (4.5.0-SNAPSHOT) hook activated.
09-12-2019 02:57 [INFO] [MyPet] SkillAPI (1.9) hook activated.
09-12-2019 02:57 [INFO] [MyPet] Vault (1.7.2-b107) (Economy: GemsEconomy) (Permissions: PermissionsEx) hook activated.
09-12-2019 02:57 [INFO] [MyPet] WorldGuard (7.0.1-beta-01;14e7525) hook activated.
09-12-2019 02:57 [INFO] [MyPet] version 3.8-b1505 ENABLED
09-12-2019 02:58 [INFO] [MyPet] Disabling MyPet v3.8
09-12-2019 03:00 [INFO] [MyPet] Error-Reporter ENABLED
09-12-2019 03:01 [INFO] [MyPet] Enabling MyPet v3.8
09-12-2019 03:01 [INFO] [MyPet] No Update available.
09-12-2019 03:01 [INFO] [MyPet] Custom entity registry found: net.citizensnpcs.nms.v1_14_R1.util.CustomEntityRegistry
09-12-2019 03:01 [INFO] [MyPet] Compat mode for v1_14_R1 loaded.
09-12-2019 03:01 [INFO] [MyPet] Exp calculation mode: MyPet
09-12-2019 03:01 [INFO] [MyPet] Loading WorldGroups...
09-12-2019 03:01 [INFO] [MyPet]    added 'Esparcraft' to 'default'
09-12-2019 03:01 [INFO] [MyPet]    added 'Drachenfels' to 'default'
09-12-2019 03:01 [INFO] [MyPet]    added 'Repository' to 'default'
09-12-2019 03:01 [INFO] [MyPet]    added 'treepack2' to 'default'
09-12-2019 03:01 [INFO] [MyPet]    added 'Repository2' to 'default'
09-12-2019 03:01 [INFO] [MyPet]    added 'treepack' to 'default'
09-12-2019 03:01 [INFO] [MyPet]    added 'Hurlton' to 'default'
09-12-2019 03:01 [INFO] [MyPet]    added 'Meslajho' to 'default'
09-12-2019 03:01 [INFO] [MyPet]    added 'Norendal' to 'default'
09-12-2019 03:01 [INFO] [MyPet]    added 'Leshir' to 'default'
09-12-2019 03:01 [INFO] [MyPet] Connect to SQLite database...
09-12-2019 03:01 [INFO] [MyPet] SQLite connection successful.
09-12-2019 03:01 [INFO] [MyPet] Citizens (2.0.25-SNAPSHOT (build 1746)) hook activated.
09-12-2019 03:01 [INFO] [MyPet] MythicMobs (4.6.5-2800) hook activated.
09-12-2019 03:01 [INFO] [MyPet] ProtocolLib (4.5.0-SNAPSHOT) hook activated.
09-12-2019 03:01 [INFO] [MyPet] SkillAPI (1.9) hook activated.
09-12-2019 03:01 [INFO] [MyPet] Vault (1.7.2-b107) (Economy: GemsEconomy) (Permissions: PermissionsEx) hook activated.
09-12-2019 03:01 [INFO] [MyPet] WorldGuard (7.0.1-beta-01;14e7525) hook activated.
09-12-2019 03:01 [INFO] [MyPet] version 3.8-b1505 ENABLED
09-12-2019 03:04 [INFO] [MyPet] Disabling MyPet v3.8
09-12-2019 03:31 [INFO] [MyPet] Error-Reporter ENABLED
09-12-2019 03:32 [INFO] [MyPet] Enabling MyPet v3.8
09-12-2019 03:32 [INFO] [MyPet] No Update available.
09-12-2019 03:32 [INFO] [MyPet] Custom entity registry found: net.citizensnpcs.nms.v1_14_R1.util.CustomEntityRegistry
09-12-2019 03:32 [INFO] [MyPet] Compat mode for v1_14_R1 loaded.
09-12-2019 03:32 [INFO] [MyPet] Exp calculation mode: MyPet
09-12-2019 03:32 [INFO] [MyPet] Loading WorldGroups...
09-12-2019 03:32 [INFO] [MyPet]    added 'Esparcraft' to 'default'
09-12-2019 03:32 [INFO] [MyPet]    added 'Drachenfels' to 'default'
09-12-2019 03:32 [INFO] [MyPet]    added 'Repository' to 'default'
09-12-2019 03:32 [INFO] [MyPet]    added 'treepack2' to 'default'
09-12-2019 03:32 [INFO] [MyPet]    added 'Repository2' to 'default'
09-12-2019 03:32 [INFO] [MyPet]    added 'treepack' to 'default'
09-12-2019 03:32 [INFO] [MyPet]    added 'Hurlton' to 'default'
09-12-2019 03:32 [INFO] [MyPet]    added 'Meslajho' to 'default'
09-12-2019 03:32 [INFO] [MyPet]    added 'Norendal' to 'default'
09-12-2019 03:32 [INFO] [MyPet]    added 'Leshir' to 'default'
09-12-2019 03:32 [INFO] [MyPet] Connect to SQLite database...
09-12-2019 03:32 [INFO] [MyPet] SQLite connection successful.
09-12-2019 03:32 [INFO] [MyPet] Citizens (2.0.25-SNAPSHOT (build 1746)) hook activated.
09-12-2019 03:32 [INFO] [MyPet] MythicMobs (4.6.5-2800) hook activated.
09-12-2019 03:32 [INFO] [MyPet] ProtocolLib (4.5.0-SNAPSHOT) hook activated.
09-12-2019 03:32 [INFO] [MyPet] SkillAPI (1.9) hook activated.
09-12-2019 03:32 [INFO] [MyPet] Vault (1.7.2-b107) (Economy: GemsEconomy) (Permissions: LuckPerms) hook activated.
09-12-2019 03:32 [INFO] [MyPet] WorldGuard (7.0.1-beta-01;14e7525) hook activated.
09-12-2019 03:32 [INFO] [MyPet] version 3.8-b1505 ENABLED
09-12-2019 08:25 [INFO] [MyPet] Error-Reporter ENABLED
09-12-2019 08:26 [INFO] [MyPet] Enabling MyPet v3.8
09-12-2019 08:26 [INFO] [MyPet] No Update available.
09-12-2019 08:26 [INFO] [MyPet] Custom entity registry found: net.citizensnpcs.nms.v1_14_R1.util.CustomEntityRegistry
09-12-2019 08:26 [INFO] [MyPet] Compat mode for v1_14_R1 loaded.
09-12-2019 08:26 [INFO] [MyPet] Exp calculation mode: MyPet
09-12-2019 08:26 [INFO] [MyPet] Loading WorldGroups...
09-12-2019 08:26 [INFO] [MyPet]    added 'Esparcraft' to 'default'
09-12-2019 08:26 [INFO] [MyPet]    added 'Drachenfels' to 'default'
09-12-2019 08:26 [INFO] [MyPet]    added 'Repository' to 'default'
09-12-2019 08:26 [INFO] [MyPet]    added 'treepack2' to 'default'
09-12-2019 08:26 [INFO] [MyPet]    added 'Repository2' to 'default'
09-12-2019 08:26 [INFO] [MyPet]    added 'treepack' to 'default'
09-12-2019 08:26 [INFO] [MyPet]    added 'Hurlton' to 'default'
09-12-2019 08:26 [INFO] [MyPet]    added 'Meslajho' to 'default'
09-12-2019 08:26 [INFO] [MyPet]    added 'Norendal' to 'default'
09-12-2019 08:26 [INFO] [MyPet]    added 'Leshir' to 'default'
09-12-2019 08:26 [INFO] [MyPet] Connect to SQLite database...
09-12-2019 08:26 [INFO] [MyPet] SQLite connection successful.
09-12-2019 08:27 [INFO] [MyPet] Citizens (2.0.25-SNAPSHOT (build 1746)) hook activated.
09-12-2019 08:27 [INFO] [MyPet] MythicMobs (4.6.5-2800) hook activated.
09-12-2019 08:27 [INFO] [MyPet] ProtocolLib (4.5.0-SNAPSHOT) hook activated.
09-12-2019 08:27 [INFO] [MyPet] SkillAPI (1.9) hook activated.
09-12-2019 08:27 [INFO] [MyPet] Vault (1.7.2-b107) (Economy: GemsEconomy) (Permissions: LuckPerms) hook activated.
09-12-2019 08:27 [INFO] [MyPet] WorldGuard (7.0.1-beta-01;14e7525) hook activated.
09-12-2019 08:27 [INFO] [MyPet] version 3.8-b1505 ENABLED
09-12-2019 08:27 [INFO] [MyPet] Disabling MyPet v3.8
09-12-2019 08:34 [INFO] [MyPet] Error-Reporter ENABLED
09-12-2019 08:35 [INFO] [MyPet] Enabling MyPet v3.8
09-12-2019 08:35 [INFO] [MyPet] No Update available.
09-12-2019 08:35 [INFO] [MyPet] Custom entity registry found: net.citizensnpcs.nms.v1_14_R1.util.CustomEntityRegistry
09-12-2019 08:35 [INFO] [MyPet] Compat mode for v1_14_R1 loaded.
09-12-2019 08:35 [INFO] [MyPet] Exp calculation mode: MyPet
09-12-2019 08:35 [INFO] [MyPet] Loading WorldGroups...
09-12-2019 08:35 [INFO] [MyPet]    added 'Esparcraft' to 'default'
09-12-2019 08:35 [INFO] [MyPet]    added 'Drachenfels' to 'default'
09-12-2019 08:35 [INFO] [MyPet]    added 'Repository' to 'default'
09-12-2019 08:35 [INFO] [MyPet]    added 'treepack2' to 'default'
09-12-2019 08:35 [INFO] [MyPet]    added 'Repository2' to 'default'
09-12-2019 08:35 [INFO] [MyPet]    added 'treepack' to 'default'
09-12-2019 08:35 [INFO] [MyPet]    added 'Hurlton' to 'default'
09-12-2019 08:35 [INFO] [MyPet]    added 'Meslajho' to 'default'
09-12-2019 08:35 [INFO] [MyPet]    added 'Norendal' to 'default'
09-12-2019 08:35 [INFO] [MyPet]    added 'Leshir' to 'default'
09-12-2019 08:35 [INFO] [MyPet] Connect to SQLite database...
09-12-2019 08:35 [INFO] [MyPet] SQLite connection successful.
09-12-2019 08:35 [INFO] [MyPet] Citizens (2.0.25-SNAPSHOT (build 1746)) hook activated.
09-12-2019 08:35 [INFO] [MyPet] MythicMobs (4.6.5-2800) hook activated.
09-12-2019 08:35 [INFO] [MyPet] ProtocolLib (4.5.0-SNAPSHOT) hook activated.
09-12-2019 08:35 [INFO] [MyPet] SkillAPI (1.9) hook activated.
09-12-2019 08:35 [INFO] [MyPet] Vault (1.7.2-b107) (Economy: GemsEconomy) (Permissions: LuckPerms) hook activated.
09-12-2019 08:35 [INFO] [MyPet] WorldGuard (7.0.1-beta-01;14e7525) hook activated.
09-12-2019 08:35 [INFO] [MyPet] version 3.8-b1505 ENABLED
09-12-2019 10:36 [INFO] [MyPet] Disabling MyPet v3.8
09-12-2019 10:37 [INFO] [MyPet] Error-Reporter ENABLED
09-12-2019 10:38 [INFO] [MyPet] Enabling MyPet v3.8
09-12-2019 10:38 [INFO] [MyPet] No Update available.
09-12-2019 10:38 [INFO] [MyPet] Custom entity registry found: net.citizensnpcs.nms.v1_14_R1.util.CustomEntityRegistry
09-12-2019 10:38 [INFO] [MyPet] Compat mode for v1_14_R1 loaded.
09-12-2019 10:38 [INFO] [MyPet] Exp calculation mode: MyPet
09-12-2019 10:38 [INFO] [MyPet] Loading WorldGroups...
09-12-2019 10:38 [INFO] [MyPet]    added 'Esparcraft' to 'default'
09-12-2019 10:38 [INFO] [MyPet]    added 'Drachenfels' to 'default'
09-12-2019 10:38 [INFO] [MyPet]    added 'Repository' to 'default'
09-12-2019 10:38 [INFO] [MyPet]    added 'treepack2' to 'default'
09-12-2019 10:38 [INFO] [MyPet]    added 'Repository2' to 'default'
09-12-2019 10:38 [INFO] [MyPet]    added 'treepack' to 'default'
09-12-2019 10:38 [INFO] [MyPet]    added 'Hurlton' to 'default'
09-12-2019 10:38 [INFO] [MyPet]    added 'Meslajho' to 'default'
09-12-2019 10:38 [INFO] [MyPet]    added 'Norendal' to 'default'
09-12-2019 10:38 [INFO] [MyPet]    added 'Leshir' to 'default'
09-12-2019 10:38 [INFO] [MyPet] Connect to SQLite database...
09-12-2019 10:38 [INFO] [MyPet] SQLite connection successful.
09-12-2019 10:38 [INFO] [MyPet] Citizens (2.0.25-SNAPSHOT (build 1746)) hook activated.
09-12-2019 10:38 [INFO] [MyPet] MythicMobs (4.6.5-2800) hook activated.
09-12-2019 10:38 [INFO] [MyPet] ProtocolLib (4.5.0-SNAPSHOT) hook activated.
09-12-2019 10:38 [INFO] [MyPet] SkillAPI (1.9) hook activated.
09-12-2019 10:38 [INFO] [MyPet] Vault (1.7.2-b107) (Economy: GemsEconomy) (Permissions: LuckPerms) hook activated.
09-12-2019 10:38 [INFO] [MyPet] WorldGuard (7.0.1-beta-01;14e7525) hook activated.
09-12-2019 10:38 [INFO] [MyPet] version 3.8-b1505 ENABLED
09-12-2019 11:08 [INFO] [MyPet] Disabling MyPet v3.8
09-12-2019 15:23 [INFO] [MyPet] Error-Reporter ENABLED
09-12-2019 15:24 [INFO] [MyPet] Error-Reporter ENABLED
09-12-2019 15:25 [INFO] [MyPet] Enabling MyPet v3.8
09-12-2019 15:25 [INFO] [MyPet] No Update available.
09-12-2019 15:25 [INFO] [MyPet] Custom entity registry found: net.citizensnpcs.nms.v1_14_R1.util.CustomEntityRegistry
09-12-2019 15:25 [INFO] [MyPet] Compat mode for v1_14_R1 loaded.
09-12-2019 15:25 [INFO] [MyPet] Exp calculation mode: MyPet
09-12-2019 15:25 [INFO] [MyPet] Loading WorldGroups...
09-12-2019 15:25 [INFO] [MyPet]    added 'Esparcraft' to 'default'
09-12-2019 15:25 [INFO] [MyPet]    added 'Drachenfels' to 'default'
09-12-2019 15:25 [INFO] [MyPet]    added 'Repository' to 'default'
09-12-2019 15:25 [INFO] [MyPet]    added 'treepack2' to 'default'
09-12-2019 15:25 [INFO] [MyPet]    added 'Repository2' to 'default'
09-12-2019 15:25 [INFO] [MyPet]    added 'treepack' to 'default'
09-12-2019 15:25 [INFO] [MyPet]    added 'Hurlton' to 'default'
09-12-2019 15:25 [INFO] [MyPet]    added 'Meslajho' to 'default'
09-12-2019 15:25 [INFO] [MyPet]    added 'Norendal' to 'default'
09-12-2019 15:25 [INFO] [MyPet]    added 'Leshir' to 'default'
09-12-2019 15:25 [INFO] [MyPet] Connect to SQLite database...
09-12-2019 15:25 [INFO] [MyPet] SQLite connection successful.
09-12-2019 15:25 [INFO] [MyPet] Citizens (2.0.25-SNAPSHOT (build 1746)) hook activated.
09-12-2019 15:25 [INFO] [MyPet] MythicMobs (4.6.5-2800) hook activated.
09-12-2019 15:25 [INFO] [MyPet] ProtocolLib (4.5.0-SNAPSHOT) hook activated.
09-12-2019 15:25 [INFO] [MyPet] SkillAPI (1.9) hook activated.
09-12-2019 15:25 [INFO] [MyPet] Vault (1.7.2-b107) (Economy: GemsEconomy) (Permissions: LuckPerms) hook activated.
09-12-2019 15:25 [INFO] [MyPet] WorldGuard (7.0.1-beta-01;14e7525) hook activated.
09-12-2019 15:25 [INFO] [MyPet] version 3.8-b1505 ENABLED
09-12-2019 16:39 [INFO] [MyPet] Disabling MyPet v3.8
09-12-2019 16:41 [INFO] [MyPet] Error-Reporter ENABLED
09-12-2019 16:42 [INFO] [MyPet] Enabling MyPet v3.8
09-12-2019 16:42 [INFO] [MyPet] No Update available.
09-12-2019 16:42 [INFO] [MyPet] Custom entity registry found: net.citizensnpcs.nms.v1_14_R1.util.CustomEntityRegistry
09-12-2019 16:42 [INFO] [MyPet] Compat mode for v1_14_R1 loaded.
09-12-2019 16:42 [INFO] [MyPet] Exp calculation mode: MyPet
09-12-2019 16:42 [INFO] [MyPet] Loading WorldGroups...
09-12-2019 16:42 [INFO] [MyPet]    added 'Esparcraft' to 'default'
09-12-2019 16:42 [INFO] [MyPet]    added 'Drachenfels' to 'default'
09-12-2019 16:42 [INFO] [MyPet]    added 'Repository' to 'default'
09-12-2019 16:42 [INFO] [MyPet]    added 'treepack2' to 'default'
09-12-2019 16:42 [INFO] [MyPet]    added 'Repository2' to 'default'
09-12-2019 16:42 [INFO] [MyPet]    added 'treepack' to 'default'
09-12-2019 16:42 [INFO] [MyPet]    added 'Hurlton' to 'default'
09-12-2019 16:42 [INFO] [MyPet]    added 'Meslajho' to 'default'
09-12-2019 16:42 [INFO] [MyPet]    added 'Norendal' to 'default'
09-12-2019 16:42 [INFO] [MyPet]    added 'Leshir' to 'default'
09-12-2019 16:42 [INFO] [MyPet] Connect to SQLite database...
09-12-2019 16:42 [INFO] [MyPet] SQLite connection successful.
09-12-2019 16:42 [INFO] [MyPet] Citizens (2.0.25-SNAPSHOT (build 1746)) hook activated.
09-12-2019 16:42 [INFO] [MyPet] MythicMobs (4.6.5-2800) hook activated.
09-12-2019 16:42 [INFO] [MyPet] ProtocolLib (4.5.0-SNAPSHOT) hook activated.
09-12-2019 16:42 [INFO] [MyPet] SkillAPI (1.9) hook activated.
09-12-2019 16:42 [INFO] [MyPet] Vault (1.7.2-b107) (Economy: GemsEconomy) (Permissions: LuckPerms) hook activated.
09-12-2019 16:42 [INFO] [MyPet] WorldGuard (7.0.1-beta-01;14e7525) hook activated.
09-12-2019 16:42 [INFO] [MyPet] version 3.8-b1505 ENABLED
09-12-2019 16:43 [INFO] [MyPet] Disabling MyPet v3.8
09-12-2019 16:44 [INFO] [MyPet] Error-Reporter ENABLED
09-12-2019 16:45 [INFO] [MyPet] Enabling MyPet v3.8
09-12-2019 16:45 [INFO] [MyPet] No Update available.
09-12-2019 16:45 [INFO] [MyPet] Custom entity registry found: net.citizensnpcs.nms.v1_14_R1.util.CustomEntityRegistry
09-12-2019 16:45 [INFO] [MyPet] Compat mode for v1_14_R1 loaded.
09-12-2019 16:45 [INFO] [MyPet] Exp calculation mode: MyPet
09-12-2019 16:45 [INFO] [MyPet] Loading WorldGroups...
09-12-2019 16:45 [INFO] [MyPet]    added 'Esparcraft' to 'default'
09-12-2019 16:45 [INFO] [MyPet]    added 'Drachenfels' to 'default'
09-12-2019 16:45 [INFO] [MyPet]    added 'Repository' to 'default'
09-12-2019 16:45 [INFO] [MyPet]    added 'treepack2' to 'default'
09-12-2019 16:45 [INFO] [MyPet]    added 'Repository2' to 'default'
09-12-2019 16:45 [INFO] [MyPet]    added 'treepack' to 'default'
09-12-2019 16:45 [INFO] [MyPet]    added 'Hurlton' to 'default'
09-12-2019 16:45 [INFO] [MyPet]    added 'Meslajho' to 'default'
09-12-2019 16:45 [INFO] [MyPet]    added 'Norendal' to 'default'
09-12-2019 16:45 [INFO] [MyPet]    added 'Leshir' to 'default'
09-12-2019 16:45 [INFO] [MyPet] Connect to SQLite database...
09-12-2019 16:45 [INFO] [MyPet] SQLite connection successful.
09-12-2019 16:45 [INFO] [MyPet] Citizens (2.0.25-SNAPSHOT (build 1746)) hook activated.
09-12-2019 16:45 [INFO] [MyPet] MythicMobs (4.6.5-2800) hook activated.
09-12-2019 16:45 [INFO] [MyPet] ProtocolLib (4.5.0-SNAPSHOT) hook activated.
09-12-2019 16:45 [INFO] [MyPet] SkillAPI (1.9) hook activated.
09-12-2019 16:45 [INFO] [MyPet] Vault (1.7.2-b107) (Economy: GemsEconomy) (Permissions: LuckPerms) hook activated.
09-12-2019 16:45 [INFO] [MyPet] WorldGuard (7.0.1-beta-01;14e7525) hook activated.
09-12-2019 16:45 [INFO] [MyPet] version 3.8-b1505 ENABLED
09-12-2019 18:46 [INFO] [MyPet] Disabling MyPet v3.8
09-12-2019 23:29 [INFO] [MyPet] Error-Reporter ENABLED
09-12-2019 23:31 [INFO] [MyPet] Enabling MyPet v3.8
09-12-2019 23:31 [INFO] [MyPet] No Update available.
09-12-2019 23:31 [INFO] [MyPet] Custom entity registry found: net.citizensnpcs.nms.v1_14_R1.util.CustomEntityRegistry
09-12-2019 23:31 [INFO] [MyPet] Compat mode for v1_14_R1 loaded.
09-12-2019 23:31 [INFO] [MyPet] Exp calculation mode: MyPet
09-12-2019 23:31 [INFO] [MyPet] Loading WorldGroups...
09-12-2019 23:31 [INFO] [MyPet]    added 'Esparcraft' to 'default'
09-12-2019 23:31 [INFO] [MyPet]    added 'Drachenfels' to 'default'
09-12-2019 23:31 [INFO] [MyPet]    added 'Repository' to 'default'
09-12-2019 23:31 [INFO] [MyPet]    added 'treepack2' to 'default'
09-12-2019 23:31 [INFO] [MyPet]    added 'Repository2' to 'default'
09-12-2019 23:31 [INFO] [MyPet]    added 'treepack' to 'default'
09-12-2019 23:31 [INFO] [MyPet]    added 'Hurlton' to 'default'
09-12-2019 23:31 [INFO] [MyPet]    added 'Meslajho' to 'default'
09-12-2019 23:31 [INFO] [MyPet]    added 'Norendal' to 'default'
09-12-2019 23:31 [INFO] [MyPet]    added 'Leshir' to 'default'
09-12-2019 23:31 [INFO] [MyPet] Connect to SQLite database...
09-12-2019 23:31 [INFO] [MyPet] SQLite connection successful.
09-12-2019 23:31 [INFO] [MyPet] Citizens (2.0.25-SNAPSHOT (build 1746)) hook activated.
09-12-2019 23:31 [INFO] [MyPet] MythicMobs (4.6.5-2800) hook activated.
09-12-2019 23:31 [INFO] [MyPet] ProtocolLib (4.5.0-SNAPSHOT) hook activated.
09-12-2019 23:31 [INFO] [MyPet] SkillAPI (1.9) hook activated.
09-12-2019 23:31 [INFO] [MyPet] Vault (1.7.2-b107) (Economy: GemsEconomy) (Permissions: LuckPerms) hook activated.
09-12-2019 23:31 [INFO] [MyPet] WorldGuard (7.0.1-beta-01;14e7525) hook activated.
09-12-2019 23:31 [INFO] [MyPet] version 3.8-b1505 ENABLED
09-12-2019 23:34 [INFO] [MyPet] Disabling MyPet v3.8
09-12-2019 23:42 [INFO] [MyPet] Error-Reporter ENABLED
09-12-2019 23:43 [INFO] [MyPet] Enabling MyPet v3.8
09-12-2019 23:43 [INFO] [MyPet] No Update available.
09-12-2019 23:43 [INFO] [MyPet] Custom entity registry found: net.citizensnpcs.nms.v1_14_R1.util.CustomEntityRegistry
09-12-2019 23:43 [INFO] [MyPet] Compat mode for v1_14_R1 loaded.
09-12-2019 23:43 [INFO] [MyPet] Exp calculation mode: MyPet
09-12-2019 23:43 [INFO] [MyPet] Loading WorldGroups...
09-12-2019 23:43 [INFO] [MyPet]    added 'Esparcraft' to 'default'
09-12-2019 23:43 [INFO] [MyPet]    added 'Drachenfels' to 'default'
09-12-2019 23:43 [INFO] [MyPet]    added 'Repository' to 'default'
09-12-2019 23:43 [INFO] [MyPet]    added 'treepack2' to 'default'
09-12-2019 23:43 [INFO] [MyPet]    added 'Repository2' to 'default'
09-12-2019 23:43 [INFO] [MyPet]    added 'treepack' to 'default'
09-12-2019 23:43 [INFO] [MyPet]    added 'Hurlton' to 'default'
09-12-2019 23:43 [INFO] [MyPet]    added 'Meslajho' to 'default'
09-12-2019 23:43 [INFO] [MyPet]    added 'Norendal' to 'default'
09-12-2019 23:43 [INFO] [MyPet]    added 'Leshir' to 'default'
09-12-2019 23:43 [INFO] [MyPet] Connect to SQLite database...
09-12-2019 23:43 [INFO] [MyPet] SQLite connection successful.
09-12-2019 23:43 [INFO] [MyPet] Citizens (2.0.25-SNAPSHOT (build 1746)) hook activated.
09-12-2019 23:43 [INFO] [MyPet] MythicMobs (4.6.5-2800) hook activated.
09-12-2019 23:43 [INFO] [MyPet] ProtocolLib (4.5.0-SNAPSHOT) hook activated.
09-12-2019 23:43 [INFO] [MyPet] SkillAPI (1.9) hook activated.
09-12-2019 23:43 [INFO] [MyPet] Vault (1.7.2-b107) (Economy: GemsEconomy) (Permissions: LuckPerms) hook activated.
09-12-2019 23:43 [INFO] [MyPet] WorldGuard (7.0.1-beta-01;14e7525) hook activated.
09-12-2019 23:43 [INFO] [MyPet] version 3.8-b1505 ENABLED
09-12-2019 23:47 [INFO] [MyPet] Disabling MyPet v3.8
09-13-2019 00:13 [INFO] [MyPet] Error-Reporter ENABLED
09-13-2019 00:14 [INFO] [MyPet] Enabling MyPet v3.8
09-13-2019 00:14 [INFO] [MyPet] No Update available.
09-13-2019 00:14 [INFO] [MyPet] Custom entity registry found: net.citizensnpcs.nms.v1_14_R1.util.CustomEntityRegistry
09-13-2019 00:14 [INFO] [MyPet] Compat mode for v1_14_R1 loaded.
09-13-2019 00:14 [INFO] [MyPet] Exp calculation mode: MyPet
09-13-2019 00:14 [INFO] [MyPet] Loading WorldGroups...
09-13-2019 00:14 [INFO] [MyPet]    added 'Esparcraft' to 'default'
09-13-2019 00:14 [INFO] [MyPet]    added 'Drachenfels' to 'default'
09-13-2019 00:14 [INFO] [MyPet]    added 'Repository' to 'default'
09-13-2019 00:14 [INFO] [MyPet]    added 'treepack2' to 'default'
09-13-2019 00:14 [INFO] [MyPet]    added 'Repository2' to 'default'
09-13-2019 00:14 [INFO] [MyPet]    added 'treepack' to 'default'
09-13-2019 00:14 [INFO] [MyPet]    added 'Hurlton' to 'default'
09-13-2019 00:14 [INFO] [MyPet]    added 'Meslajho' to 'default'
09-13-2019 00:14 [INFO] [MyPet]    added 'Norendal' to 'default'
09-13-2019 00:14 [INFO] [MyPet]    added 'Leshir' to 'default'
09-13-2019 00:14 [INFO] [MyPet] Connect to SQLite database...
09-13-2019 00:14 [INFO] [MyPet] SQLite connection successful.
09-13-2019 00:14 [INFO] [MyPet] Citizens (2.0.25-SNAPSHOT (build 1746)) hook activated.
09-13-2019 00:14 [INFO] [MyPet] MythicMobs (4.6.5-2800) hook activated.
09-13-2019 00:14 [INFO] [MyPet] ProtocolLib (4.5.0-SNAPSHOT) hook activated.
09-13-2019 00:14 [INFO] [MyPet] SkillAPI (1.9) hook activated.
09-13-2019 00:14 [INFO] [MyPet] Vault (1.7.2-b107) (Economy: GemsEconomy) (Permissions: LuckPerms) hook activated.
09-13-2019 00:14 [INFO] [MyPet] WorldGuard (7.0.1-beta-01;14e7525) hook activated.
09-13-2019 00:14 [INFO] [MyPet] version 3.8-b1505 ENABLED
09-13-2019 01:31 [INFO] [MyPet] Disabling MyPet v3.8
09-13-2019 02:15 [INFO] [MyPet] Error-Reporter ENABLED
09-13-2019 02:15 [INFO] [MyPet] Enabling MyPet v3.8
09-13-2019 02:15 [INFO] [MyPet] No Update available.
09-13-2019 02:15 [INFO] [MyPet] Custom entity registry found: net.citizensnpcs.nms.v1_14_R1.util.CustomEntityRegistry
09-13-2019 02:15 [INFO] [MyPet] Compat mode for v1_14_R1 loaded.
09-13-2019 02:15 [INFO] [MyPet] Exp calculation mode: MyPet
09-13-2019 02:15 [INFO] [MyPet] Loading WorldGroups...
09-13-2019 02:15 [INFO] [MyPet]    added 'Esparcraft' to 'default'
09-13-2019 02:15 [INFO] [MyPet]    added 'Drachenfels' to 'default'
09-13-2019 02:15 [INFO] [MyPet]    added 'Repository' to 'default'
09-13-2019 02:15 [INFO] [MyPet]    added 'treepack2' to 'default'
09-13-2019 02:15 [INFO] [MyPet]    added 'Repository2' to 'default'
09-13-2019 02:15 [INFO] [MyPet]    added 'treepack' to 'default'
09-13-2019 02:15 [INFO] [MyPet]    added 'Hurlton' to 'default'
09-13-2019 02:15 [INFO] [MyPet]    added 'Meslajho' to 'default'
09-13-2019 02:15 [INFO] [MyPet]    added 'Norendal' to 'default'
09-13-2019 02:15 [INFO] [MyPet]    added 'Leshir' to 'default'
09-13-2019 02:16 [INFO] [MyPet] Connect to SQLite database...
09-13-2019 02:16 [INFO] [MyPet] SQLite connection successful.
09-13-2019 02:16 [INFO] [MyPet] Citizens (2.0.25-SNAPSHOT (build 1746)) hook activated.
09-13-2019 02:16 [INFO] [MyPet] CombatLogX (9.9.1.3) hook activated.
09-13-2019 02:16 [INFO] [MyPet] MythicMobs (4.6.5-2800) hook activated.
09-13-2019 02:16 [INFO] [MyPet] ProtocolLib (4.5.0-SNAPSHOT) hook activated.
09-13-2019 02:16 [INFO] [MyPet] SkillAPI (1.9) hook activated.
09-13-2019 02:16 [INFO] [MyPet] Vault (1.7.2-b107) (Economy: GemsEconomy) (Permissions: LuckPerms) hook activated.
09-13-2019 02:16 [INFO] [MyPet] WorldGuard (7.0.1-beta-01;14e7525) hook activated.
09-13-2019 02:16 [INFO] [MyPet] version 3.8-b1505 ENABLED
09-13-2019 02:26 [INFO] [MyPet] Disabling MyPet v3.8
09-13-2019 02:27 [INFO] [MyPet] Error-Reporter ENABLED
09-13-2019 02:28 [INFO] [MyPet] Enabling MyPet v3.8
09-13-2019 02:28 [INFO] [MyPet] No Update available.
09-13-2019 02:28 [INFO] [MyPet] Custom entity registry found: net.citizensnpcs.nms.v1_14_R1.util.CustomEntityRegistry
09-13-2019 02:28 [INFO] [MyPet] Compat mode for v1_14_R1 loaded.
09-13-2019 02:28 [INFO] [MyPet] Exp calculation mode: MyPet
09-13-2019 02:28 [INFO] [MyPet] Loading WorldGroups...
09-13-2019 02:28 [INFO] [MyPet]    added 'Esparcraft' to 'default'
09-13-2019 02:28 [INFO] [MyPet]    added 'Drachenfels' to 'default'
09-13-2019 02:28 [INFO] [MyPet]    added 'Repository' to 'default'
09-13-2019 02:28 [INFO] [MyPet]    added 'treepack2' to 'default'
09-13-2019 02:28 [INFO] [MyPet]    added 'Repository2' to 'default'
09-13-2019 02:28 [INFO] [MyPet]    added 'treepack' to 'default'
09-13-2019 02:28 [INFO] [MyPet]    added 'Hurlton' to 'default'
09-13-2019 02:28 [INFO] [MyPet]    added 'Meslajho' to 'default'
09-13-2019 02:28 [INFO] [MyPet]    added 'Norendal' to 'default'
09-13-2019 02:28 [INFO] [MyPet]    added 'Leshir' to 'default'
09-13-2019 02:28 [INFO] [MyPet] Connect to SQLite database...
09-13-2019 02:28 [INFO] [MyPet] SQLite connection successful.
09-13-2019 02:28 [INFO] [MyPet] Citizens (2.0.25-SNAPSHOT (build 1746)) hook activated.
09-13-2019 02:28 [INFO] [MyPet] CombatLogX (9.9.1.3) hook activated.
09-13-2019 02:28 [INFO] [MyPet] MythicMobs (4.6.5-2800) hook activated.
09-13-2019 02:28 [INFO] [MyPet] ProtocolLib (4.5.0-SNAPSHOT) hook activated.
09-13-2019 02:28 [INFO] [MyPet] SkillAPI (1.9) hook activated.
09-13-2019 02:28 [INFO] [MyPet] Vault (1.7.2-b107) (Economy: GemsEconomy) (Permissions: LuckPerms) hook activated.
09-13-2019 02:28 [INFO] [MyPet] WorldGuard (7.0.1-beta-01;14e7525) hook activated.
09-13-2019 02:28 [INFO] [MyPet] version 3.8-b1505 ENABLED
09-13-2019 02:42 [INFO] [MyPet] Error-Reporter ENABLED
09-13-2019 02:43 [INFO] [MyPet] Enabling MyPet v3.8
09-13-2019 02:43 [INFO] [MyPet] No Update available.
09-13-2019 02:43 [INFO] [MyPet] Custom entity registry found: net.citizensnpcs.nms.v1_14_R1.util.CustomEntityRegistry
09-13-2019 02:43 [INFO] [MyPet] Compat mode for v1_14_R1 loaded.
09-13-2019 02:43 [INFO] [MyPet] Exp calculation mode: MyPet
09-13-2019 02:43 [INFO] [MyPet] Loading WorldGroups...
09-13-2019 02:43 [INFO] [MyPet]    added 'Esparcraft' to 'default'
09-13-2019 02:43 [INFO] [MyPet]    added 'Drachenfels' to 'default'
09-13-2019 02:43 [INFO] [MyPet]    added 'Repository' to 'default'
09-13-2019 02:43 [INFO] [MyPet]    added 'treepack2' to 'default'
09-13-2019 02:43 [INFO] [MyPet]    added 'Repository2' to 'default'
09-13-2019 02:43 [INFO] [MyPet]    added 'treepack' to 'default'
09-13-2019 02:43 [INFO] [MyPet]    added 'Hurlton' to 'default'
09-13-2019 02:43 [INFO] [MyPet]    added 'Meslajho' to 'default'
09-13-2019 02:43 [INFO] [MyPet]    added 'Norendal' to 'default'
09-13-2019 02:43 [INFO] [MyPet]    added 'Leshir' to 'default'
09-13-2019 02:43 [INFO] [MyPet] Connect to SQLite database...
09-13-2019 02:43 [INFO] [MyPet] SQLite connection successful.
09-13-2019 02:43 [INFO] [MyPet] Citizens (2.0.25-SNAPSHOT (build 1746)) hook activated.
09-13-2019 02:43 [INFO] [MyPet] CombatLogX (9.9.1.3) hook activated.
09-13-2019 02:43 [INFO] [MyPet] MythicMobs (4.6.5-2800) hook activated.
09-13-2019 02:43 [INFO] [MyPet] ProtocolLib (4.5.0-SNAPSHOT) hook activated.
09-13-2019 02:43 [INFO] [MyPet] SkillAPI (1.9) hook activated.
09-13-2019 02:43 [INFO] [MyPet] Vault (1.7.2-b107) (Economy: GemsEconomy) (Permissions: LuckPerms) hook activated.
09-13-2019 02:43 [INFO] [MyPet] WorldGuard (7.0.1-beta-01;14e7525) hook activated.
09-13-2019 02:43 [INFO] [MyPet] version 3.8-b1505 ENABLED
09-13-2019 02:44 [INFO] [MyPet] Disabling MyPet v3.8
09-13-2019 02:47 [INFO] [MyPet] Error-Reporter ENABLED
09-13-2019 02:49 [INFO] [MyPet] Enabling MyPet v3.8
09-13-2019 02:49 [INFO] [MyPet] No Update available.
09-13-2019 02:49 [INFO] [MyPet] Custom entity registry found: net.citizensnpcs.nms.v1_14_R1.util.CustomEntityRegistry
09-13-2019 02:49 [INFO] [MyPet] Compat mode for v1_14_R1 loaded.
09-13-2019 02:49 [INFO] [MyPet] Exp calculation mode: MyPet
09-13-2019 02:49 [INFO] [MyPet] Loading WorldGroups...
09-13-2019 02:49 [INFO] [MyPet]    added 'Esparcraft' to 'default'
09-13-2019 02:49 [INFO] [MyPet]    added 'Drachenfels' to 'default'
09-13-2019 02:49 [INFO] [MyPet]    added 'Repository' to 'default'
09-13-2019 02:49 [INFO] [MyPet]    added 'treepack2' to 'default'
09-13-2019 02:49 [INFO] [MyPet]    added 'Repository2' to 'default'
09-13-2019 02:49 [INFO] [MyPet]    added 'treepack' to 'default'
09-13-2019 02:49 [INFO] [MyPet]    added 'Hurlton' to 'default'
09-13-2019 02:49 [INFO] [MyPet]    added 'Meslajho' to 'default'
09-13-2019 02:49 [INFO] [MyPet]    added 'Norendal' to 'default'
09-13-2019 02:49 [INFO] [MyPet]    added 'Leshir' to 'default'
09-13-2019 02:49 [INFO] [MyPet] Connect to SQLite database...
09-13-2019 02:49 [INFO] [MyPet] SQLite connection successful.
09-13-2019 02:49 [INFO] [MyPet] Citizens (2.0.25-SNAPSHOT (build 1746)) hook activated.
09-13-2019 02:49 [INFO] [MyPet] CombatLogX (9.9.1.3) hook activated.
09-13-2019 02:49 [INFO] [MyPet] MythicMobs (4.6.5-2800) hook activated.
09-13-2019 02:49 [INFO] [MyPet] ProtocolLib (4.5.0-SNAPSHOT) hook activated.
09-13-2019 02:49 [INFO] [MyPet] SkillAPI (1.9) hook activated.
09-13-2019 02:49 [INFO] [MyPet] Vault (1.7.2-b107) (Economy: GemsEconomy) (Permissions: LuckPerms) hook activated.
09-13-2019 02:49 [INFO] [MyPet] WorldGuard (7.0.1-beta-01;14e7525) hook activated.
09-13-2019 02:49 [INFO] [MyPet] version 3.8-b1505 ENABLED
09-13-2019 05:14 [INFO] [MyPet] Error-Reporter ENABLED
09-13-2019 05:15 [INFO] [MyPet] Enabling MyPet v3.8
09-13-2019 05:15 [INFO] [MyPet] No Update available.
09-13-2019 05:15 [INFO] [MyPet] Custom entity registry found: net.citizensnpcs.nms.v1_14_R1.util.CustomEntityRegistry
09-13-2019 05:15 [INFO] [MyPet] Compat mode for v1_14_R1 loaded.
09-13-2019 05:15 [INFO] [MyPet] Exp calculation mode: MyPet
09-13-2019 05:15 [INFO] [MyPet] Loading WorldGroups...
09-13-2019 05:15 [INFO] [MyPet]    added 'Esparcraft' to 'default'
09-13-2019 05:15 [INFO] [MyPet]    added 'Drachenfels' to 'default'
09-13-2019 05:15 [INFO] [MyPet]    added 'Repository' to 'default'
09-13-2019 05:15 [INFO] [MyPet]    added 'treepack2' to 'default'
09-13-2019 05:15 [INFO] [MyPet]    added 'Repository2' to 'default'
09-13-2019 05:15 [INFO] [MyPet]    added 'treepack' to 'default'
09-13-2019 05:15 [INFO] [MyPet]    added 'Hurlton' to 'default'
09-13-2019 05:15 [INFO] [MyPet]    added 'Meslajho' to 'default'
09-13-2019 05:15 [INFO] [MyPet]    added 'Norendal' to 'default'
09-13-2019 05:15 [INFO] [MyPet]    added 'Leshir' to 'default'
09-13-2019 05:15 [INFO] [MyPet] Connect to SQLite database...
09-13-2019 05:15 [INFO] [MyPet] SQLite connection successful.
09-13-2019 05:16 [INFO] [MyPet] Citizens (2.0.25-SNAPSHOT (build 1746)) hook activated.
09-13-2019 05:16 [INFO] [MyPet] CombatLogX (9.9.1.3) hook activated.
09-13-2019 05:16 [INFO] [MyPet] MythicMobs (4.6.5-2800) hook activated.
09-13-2019 05:16 [INFO] [MyPet] ProtocolLib (4.5.0-SNAPSHOT) hook activated.
09-13-2019 05:16 [INFO] [MyPet] SkillAPI (1.9) hook activated.
09-13-2019 05:16 [INFO] [MyPet] Vault (1.7.2-b107) (Economy: GemsEconomy) (Permissions: LuckPerms) hook activated.
09-13-2019 05:16 [INFO] [MyPet] WorldGuard (7.0.1-beta-01;14e7525) hook activated.
09-13-2019 05:16 [INFO] [MyPet] version 3.8-b1505 ENABLED
09-13-2019 05:24 [INFO] [MyPet] Disabling MyPet v3.8
09-14-2019 02:30 [INFO] [MyPet] Error-Reporter ENABLED
09-14-2019 02:33 [INFO] [MyPet] Error-Reporter ENABLED
09-14-2019 02:36 [INFO] [MyPet] Enabling MyPet v3.8
09-14-2019 02:36 [INFO] [MyPet] No Update available.
09-14-2019 02:36 [INFO] [MyPet] Custom entity registry found: net.citizensnpcs.nms.v1_14_R1.util.CustomEntityRegistry
09-14-2019 02:36 [INFO] [MyPet] Compat mode for v1_14_R1 loaded.
09-14-2019 02:36 [INFO] [MyPet] Exp calculation mode: MyPet
09-14-2019 02:36 [INFO] [MyPet] Loading WorldGroups...
09-14-2019 02:36 [INFO] [MyPet]    added 'Esparcraft' to 'default'
09-14-2019 02:36 [INFO] [MyPet]    added 'Drachenfels' to 'default'
09-14-2019 02:36 [INFO] [MyPet]    added 'Repository' to 'default'
09-14-2019 02:36 [INFO] [MyPet]    added 'treepack2' to 'default'
09-14-2019 02:36 [INFO] [MyPet]    added 'Repository2' to 'default'
09-14-2019 02:36 [INFO] [MyPet]    added 'treepack' to 'default'
09-14-2019 02:36 [INFO] [MyPet]    added 'Hurlton' to 'default'
09-14-2019 02:36 [INFO] [MyPet]    added 'Meslajho' to 'default'
09-14-2019 02:36 [INFO] [MyPet]    added 'Norendal' to 'default'
09-14-2019 02:36 [INFO] [MyPet]    added 'Leshir' to 'default'
09-14-2019 02:36 [INFO] [MyPet] Connect to SQLite database...
09-14-2019 02:36 [INFO] [MyPet] SQLite connection successful.
09-14-2019 02:36 [INFO] [MyPet] Citizens (2.0.25-SNAPSHOT (build 1746)) hook activated.
09-14-2019 02:36 [INFO] [MyPet] CombatLogX (9.9.1.3) hook activated.
09-14-2019 02:36 [INFO] [MyPet] MythicMobs (4.6.5-2800) hook activated.
09-14-2019 02:36 [INFO] [MyPet] ProtocolLib (4.5.0-SNAPSHOT) hook activated.
09-14-2019 02:36 [INFO] [MyPet] SkillAPI (1.9) hook activated.
09-14-2019 02:36 [INFO] [MyPet] Vault (1.7.2-b107) (Economy: GemsEconomy) (Permissions: LuckPerms) hook activated.
09-14-2019 02:36 [INFO] [MyPet] WorldGuard (7.0.1-beta-01;14e7525) hook activated.
09-14-2019 02:36 [INFO] [MyPet] version 3.8-b1505 ENABLED
09-14-2019 02:43 [INFO] [MyPet] Disabling MyPet v3.8
09-26-2019 13:14 [INFO] [MyPet] Error-Reporter ENABLED
09-26-2019 13:15 [INFO] [MyPet] Enabling MyPet v3.8
09-26-2019 13:15 [INFO] [MyPet] No Update available.
09-26-2019 13:15 [INFO] [MyPet] Custom entity registry found: net.citizensnpcs.nms.v1_14_R1.util.CustomEntityRegistry
09-26-2019 13:15 [INFO] [MyPet] Compat mode for v1_14_R1 loaded.
09-26-2019 13:15 [INFO] [MyPet] Exp calculation mode: MyPet
09-26-2019 13:15 [INFO] [MyPet] Loading WorldGroups...
09-26-2019 13:15 [INFO] [MyPet]    added 'Esparcraft' to 'default'
09-26-2019 13:15 [INFO] [MyPet]    added 'Drachenfels' to 'default'
09-26-2019 13:15 [INFO] [MyPet]    added 'Repository' to 'default'
09-26-2019 13:15 [INFO] [MyPet]    added 'treepack2' to 'default'
09-26-2019 13:15 [INFO] [MyPet]    added 'Repository2' to 'default'
09-26-2019 13:15 [INFO] [MyPet]    added 'treepack' to 'default'
09-26-2019 13:15 [INFO] [MyPet]    added 'Hurlton' to 'default'
09-26-2019 13:15 [INFO] [MyPet]    added 'Meslajho' to 'default'
09-26-2019 13:15 [INFO] [MyPet]    added 'Norendal' to 'default'
09-26-2019 13:15 [INFO] [MyPet]    added 'Leshir' to 'default'
09-26-2019 13:15 [INFO] [MyPet] Connect to SQLite database...
09-26-2019 13:15 [INFO] [MyPet] SQLite connection successful.
09-26-2019 13:15 [INFO] [MyPet] Citizens (2.0.25-SNAPSHOT (build 1746)) hook activated.
09-26-2019 13:15 [INFO] [MyPet] CombatLogX (9.9.1.3) hook activated.
09-26-2019 13:15 [INFO] [MyPet] MythicMobs (4.6.5-2800) hook activated.
09-26-2019 13:15 [INFO] [MyPet] ProtocolLib (4.5.0-SNAPSHOT) hook activated.
09-26-2019 13:15 [INFO] [MyPet] SkillAPI (1.9) hook activated.
09-26-2019 13:15 [INFO] [MyPet] Vault (1.7.2-b107) (Economy: GemsEconomy) (Permissions: LuckPerms) hook activated.
09-26-2019 13:15 [INFO] [MyPet] WorldGuard (7.0.1-beta-01;14e7525) hook activated.
09-26-2019 13:15 [INFO] [MyPet] version 3.8-b1505 ENABLED
09-26-2019 13:21 [INFO] [MyPet] Disabling MyPet v3.8
09-26-2019 18:58 [INFO] [MyPet] Error-Reporter ENABLED
09-26-2019 18:59 [INFO] [MyPet] Enabling MyPet v3.8
09-26-2019 18:59 [INFO] [MyPet] No Update available.
09-26-2019 18:59 [INFO] [MyPet] Custom entity registry found: net.citizensnpcs.nms.v1_14_R1.util.CustomEntityRegistry
09-26-2019 18:59 [INFO] [MyPet] Compat mode for v1_14_R1 loaded.
09-26-2019 18:59 [INFO] [MyPet] Exp calculation mode: MyPet
09-26-2019 18:59 [INFO] [MyPet] Loading WorldGroups...
09-26-2019 18:59 [INFO] [MyPet]    added 'Esparcraft' to 'default'
09-26-2019 18:59 [INFO] [MyPet]    added 'Drachenfels' to 'default'
09-26-2019 18:59 [INFO] [MyPet]    added 'Repository' to 'default'
09-26-2019 18:59 [INFO] [MyPet]    added 'treepack2' to 'default'
09-26-2019 18:59 [INFO] [MyPet]    added 'Repository2' to 'default'
09-26-2019 18:59 [INFO] [MyPet]    added 'treepack' to 'default'
09-26-2019 18:59 [INFO] [MyPet]    added 'Hurlton' to 'default'
09-26-2019 18:59 [INFO] [MyPet]    added 'Meslajho' to 'default'
09-26-2019 18:59 [INFO] [MyPet]    added 'Norendal' to 'default'
09-26-2019 18:59 [INFO] [MyPet]    added 'Leshir' to 'default'
09-26-2019 18:59 [INFO] [MyPet] Connect to SQLite database...
09-26-2019 18:59 [INFO] [MyPet] SQLite connection successful.
09-26-2019 18:59 [INFO] [MyPet] Citizens (2.0.25-SNAPSHOT (build 1746)) hook activated.
09-26-2019 18:59 [INFO] [MyPet] CombatLogX (9.9.1.3) hook activated.
09-26-2019 18:59 [INFO] [MyPet] MythicMobs (4.6.5-2800) hook activated.
09-26-2019 18:59 [INFO] [MyPet] ProtocolLib (4.5.0-SNAPSHOT) hook activated.
09-26-2019 18:59 [INFO] [MyPet] SkillAPI (1.9) hook activated.
09-26-2019 18:59 [INFO] [MyPet] Vault (1.7.2-b107) (Economy: GemsEconomy) (Permissions: LuckPerms) hook activated.
09-26-2019 18:59 [INFO] [MyPet] WorldGuard (7.0.1-beta-01;14e7525) hook activated.
09-26-2019 18:59 [INFO] [MyPet] version 3.8-b1505 ENABLED
09-26-2019 19:03 [INFO] [MyPet] Disabling MyPet v3.8
