2018/11/13;00:23:55:0637;Info;Livebug;Livebug started;-;
2018/11/13;00:23:55:0644;Info;Livebug;app;BukkitGUI;
2018/11/13;00:23:55:0644;Info;Livebug;version;1.8.0.551;
2018/11/13;00:23:55:0644;Info;Livebug;path;J:\Proyecto Esparcraft\Hell-Tech\Server1.12.1;
2018/11/13;00:23:55:0682;Info;Livebug;netframework;3.5.30729.4926;
2018/11/13;00:23:55:0682;Info;Livebug;CPU;;
2018/11/13;00:23:55:0762;Info;Livebug;CPU;mfg: AuthenticAMD;
2018/11/13;00:23:55:0769;Info;Livebug;CPU;name: AMD Phenom(tm) II X4 955 Processor;
2018/11/13;00:23:55:0775;Info;Livebug;CPU;cores: 4;
2018/11/13;00:23:55:0781;Info;Livebug;CPU;threads: 4;
2018/11/13;00:23:55:0789;Info;Livebug;CPU;speed: 3200;
2018/11/13;00:23:55:0789;Info;Livebug;RAM;;
2018/11/13;00:23:55:0801;Info;Livebug;RAM;amount: 4294967296;
2018/11/13;00:23:55:0807;Info;Livebug;RAM;mfg: None;
2018/11/13;00:23:55:0807;Info;Livebug;OS;;
2018/11/13;00:23:55:0878;Info;Livebug;OS;Name:Microsoft Windows 10 Enterprise;
2018/11/13;00:23:55:0878;Info;Livebug;OS;Platform:Win32NT;
2018/11/13;00:23:55:0878;Info;Livebug;OS;Version:6.2.9200.0;
2018/11/13;00:23:55:0878;Fine;Splashscreen;Initializing application;-;
2018/11/13;00:23:55:0878;Fine;Splashscreen;Loading:Initializing common items(20%);-;
2018/11/13;00:23:55:0881;Fine;Common;Updating locations...;-;
2018/11/13;00:23:55:0883;Fine;Common;Common module initialized;-;
2018/11/13;00:23:55:0883;Fine;Splashscreen;Loading:Initializing config(40%);-;
2018/11/13;00:23:55:0889;Fine;fxml - config;Loading XML file: J:\Proyecto Esparcraft\Hell-Tech\Server1.12.1\BukkitGUI\Config/config.xml;-;
2018/11/13;00:23:55:0890;Fine;fxml - config;XML file loaded;-;
2018/11/13;00:23:55:0895;Fine;Common;Comparing versions: 1.2 - 1.2;-;
2018/11/13;00:23:55:0896;Fine;Common;Normalized versions: 1.2.0.0 - 1.2.0.0;-;
2018/11/13;00:23:55:0896;Fine;Common;Result of version compare:0;-;
2018/11/13;00:23:55:0896;Fine;fxml - config;Verifying versions, result: true;-;
2018/11/13;00:23:55:0896;Fine;Config;Config initialized;-;
2018/11/13;00:23:55:0901;Fine;fxml - config;Requested XML element: lightmode - Value: false;-;
2018/11/13;00:23:55:0901;Fine;Splashscreen;Loading:running update check...(30%);-;
2018/11/13;00:23:55:0909;Fine;fxml - config;Requested XML element: auto_update - Value: true;-;
2018/11/13;00:23:56:0451;Fine;Splashscreen;Loading:Initializing localization(50%);-;
2018/11/13;00:23:56:0455;Fine;fxml - config;Requested XML element: language - Value: C:\Users\Hell\AppData\Roaming\Bertware/BukkitGUI\Localization/default.xml;-;
2018/11/13;00:23:56:0457;Fine;fxml - language;Loading XML file: C:\Users\Hell\AppData\Roaming\Bertware/BukkitGUI\Localization/default.xml;-;
2018/11/13;00:23:56:0457;Fine;fxml - language;XML file loaded;-;
2018/11/13;00:23:56:0471;Fine;fxml - config;Requested XML element: join - Value: false;-;
2018/11/13;00:23:56:0471;Fine;fxml - config;Requested XML element: disconnect - Value: false;-;
2018/11/13;00:23:56:0471;Fine;fxml - config;Requested XML element: warning - Value: false;-;
2018/11/13;00:23:56:0471;Fine;fxml - config;Requested XML element: severe - Value: false;-;
2018/11/13;00:23:56:0474;Fine;Splashscreen;Loading:Initializing performance(60%);-;
2018/11/13;00:23:56:0493;Fine;performance;Initializing...;-;
2018/11/13;00:23:56:0493;Fine;performance;CPU timer started;-;
2018/11/13;00:23:56:0493;Fine;performance;RAM timer started;-;
2018/11/13;00:23:56:0494;Fine;performance;CPU counter started;-;
2018/11/13;00:23:56:0494;Fine;performance;Performance initialized;-;
2018/11/13;00:23:56:0494;Fine;Splashscreen;Loading:Initializing output handler(70%);-;
2018/11/13;00:23:56:0497;Fine;fxml - config;Requested XML element: info - Value: blue;-;
2018/11/13;00:23:56:0499;Fine;fxml - config;Requested XML element: player_event - Value: green;-;
2018/11/13;00:23:56:0499;Fine;fxml - config;Requested XML element: warning - Value: orange;-;
2018/11/13;00:23:56:0500;Fine;fxml - config;Requested XML element: severe - Value: red;-;
2018/11/13;00:23:56:0500;Fine;fxml - config;Requested XML element: unknown - Value: black;-;
2018/11/13;00:23:56:0500;Fine;fxml - config;Requested XML element: date - Value: false;-;
2018/11/13;00:23:56:0500;Fine;fxml - config;Requested XML element: time - Value: true;-;
2018/11/13;00:23:56:0500;Fine;Splashscreen;Loading:Initializing plugin manager(75%);-;
2018/11/13;00:23:56:0517;Fine;Pluginmanager;Initializing / Loading;-;
2018/11/13;00:23:56:0519;Fine;AdvancedWebClient;Retrieving contents from api.bukget.org;-;
2018/11/13;00:23:56:0523;Fine;Splashscreen;Loading:Initializing server settings...(85%);-;
2018/11/13;00:23:56:0532;Fine;ServerSettings;Reading server settings from J:\Proyecto Esparcraft\Hell-Tech\Server1.12.1/server.properties;-;
2018/11/13;00:23:56:0533;Fine;fxml - config;Saved XML element: pluginmanager - Value: ;-;
2018/11/13;00:23:56:0535;Fine;fxml - config;Saved XML element: installedplugins - Value: ;-;
2018/11/13;00:23:56:0536;Fine;Splashscreen;Loading:Initializing error manager...(85%);-;
2018/11/13;00:23:56:0538;Fine;fxml - config;Saved XML element: installplugins - Value: ;-;
2018/11/13;00:23:56:0540;Fine;fxml - config;Requested XML element: hide_warning - Value: false;-;
2018/11/13;00:23:56:0540;Fine;fxml - config;Requested XML element: hide_error - Value: false;-;
2018/11/13;00:23:56:0540;Fine;fxml - config;Requested XML element: hide_stacktrace - Value: false;-;
2018/11/13;00:23:56:0540;Fine;Splashscreen;Loading:Initializing task manager...(90%);-;
2018/11/13;00:23:56:0543;Fine;fxml - TaskManager;Loading XML file: J:\Proyecto Esparcraft\Hell-Tech\Server1.12.1\BukkitGUI\Config/tasks.xml;-;
2018/11/13;00:23:56:0544;Fine;pluginmanager;Loaded base list: 52 plugins loaded;pluginmanager;
2018/11/13;00:23:56:0549;Fine;InstalledPlugins;Loading full list;Pluginmanager.InstalledPluginmanager.CreateDetailledList();
2018/11/13;00:23:56:0549;Fine;InstalledPlugins;Loading plugin 1 of 52 : AddonForSkillAPI.jar;-;
2018/11/13;00:23:56:0549;Fine;fxml - TaskManager;XML file loaded;-;
2018/11/13;00:23:56:0552;Fine;TaskManager;Loading tasks...;-;
2018/11/13;00:23:56:0553;Fine;TaskManager;Loaded tasks. 0 tasks loaded;-;
2018/11/13;00:23:56:0553;Fine;Splashscreen;Loading:Initializing backup manager...(90%);-;
2018/11/13;00:23:56:0555;Fine;plugindescriptor;loading plugin (step 1/2): AddonForSkillAPI.jar - cache allowed:True;-;
2018/11/13;00:23:56:0555;Fine;plugindescriptor;Plugin data not available in cache or cache not allowed. Building cache for plugin...;-;
2018/11/13;00:23:56:0557;Fine;fxml - BackupManager;Loading XML file: J:\Proyecto Esparcraft\Hell-Tech\Server1.12.1\BukkitGUI\Config/backups.xml;-;
2018/11/13;00:23:56:0558;Fine;fxml - BackupManager;XML file loaded;-;
2018/11/13;00:23:56:0563;Fine;Backupmanager;Loading backups...;-;
2018/11/13;00:23:56:0563;Fine;Backupmanager;Loaded backups: 0 backups loaded;-;
2018/11/13;00:23:56:0563;Fine;Splashscreen;Loading:Done...(100%);-;
2018/11/13;00:23:56:0688;Fine;plugindescriptor;loading plugin (step 2/2): AddonForSkillAPI.jar - cache allowed:True;-;
2018/11/13;00:23:56:0800;Warning;AdvancedWebClient;Could not download data from http://api.bukget.org/3/plugins?fields=slug,plugin_name,description,versions.version,versions.game_versions,main&sort=-popularity.weekly&start=0&size=20 : WebException/Unknown : No se puede resolver el nombre remoto: 'api.bukget.org';-;
2018/11/13;00:23:56:0806;Fine;BukGetAPI;Starting parse of plugin list...;-;
2018/11/13;00:23:56:0806;Warning;BukGetAPI;No elements in list, cannot parse plugin list;-;
2018/11/13;00:23:56:0806;Fine;BukGetAPI;Retrying to get available plugins;-;
2018/11/13;00:23:56:0806;Fine;AdvancedWebClient;Retrieving contents from api.bukget.org;-;
2018/11/13;00:23:56:0837;Fine;plugindescriptor;loaded plugin: AddonForSkillAPI.jar - cache allowed:True;-;
2018/11/13;00:23:56:0837;Fine;InstalledPlugins;Loaded plugin 1 of 52 : AddonForSkillAPI.jar;-;
2018/11/13;00:23:56:0837;Fine;InstalledPlugins;Loading plugin 2 of 52 : AreaShop.jar;-;
2018/11/13;00:23:56:0837;Fine;plugindescriptor;loading plugin (step 1/2): AreaShop.jar - cache allowed:True;-;
2018/11/13;00:23:56:0837;Fine;plugindescriptor;Reading plugin data from cache...;-;
2018/11/13;00:23:56:0837;Fine;plugindescriptor;loading plugin (step 2/2): AreaShop.jar - cache allowed:True;-;
2018/11/13;00:23:56:0844;Warning;AdvancedWebClient;Could not download data from http://api.bukget.org/3/plugins?fields=slug,plugin_name,description,versions.version,versions.game_versions,main&sort=-popularity.weekly&start=0&size=20 : WebException/Unknown : No se puede resolver el nombre remoto: 'api.bukget.org';-;
2018/11/13;00:23:56:0844;Fine;BukGetAPI;Starting parse of plugin list...;-;
2018/11/13;00:23:56:0844;Warning;BukGetAPI;No elements in list, cannot parse plugin list;-;
2018/11/13;00:23:56:0844;Fine;BukGetAPI;All plugins loaded;-;
2018/11/13;00:23:56:0862;Fine;plugindescriptor;loaded plugin: AreaShop.jar - cache allowed:True;-;
2018/11/13;00:23:56:0862;Fine;InstalledPlugins;Loaded plugin 2 of 52 : AreaShop.jar;-;
2018/11/13;00:23:56:0862;Fine;InstalledPlugins;Loading plugin 3 of 52 : AttributeHider.jar;-;
2018/11/13;00:23:56:0862;Fine;plugindescriptor;loading plugin (step 1/2): AttributeHider.jar - cache allowed:True;-;
2018/11/13;00:23:56:0862;Fine;plugindescriptor;Reading plugin data from cache...;-;
2018/11/13;00:23:56:0862;Fine;plugindescriptor;loading plugin (step 2/2): AttributeHider.jar - cache allowed:True;-;
2018/11/13;00:23:56:0867;Fine;plugindescriptor;loaded plugin: AttributeHider.jar - cache allowed:True;-;
2018/11/13;00:23:56:0867;Fine;InstalledPlugins;Loaded plugin 3 of 52 : AttributeHider.jar;-;
2018/11/13;00:23:56:0867;Fine;InstalledPlugins;Loading plugin 4 of 52 : BetterChairs.jar;-;
2018/11/13;00:23:56:0867;Fine;plugindescriptor;loading plugin (step 1/2): BetterChairs.jar - cache allowed:True;-;
2018/11/13;00:23:56:0867;Fine;plugindescriptor;Reading plugin data from cache...;-;
2018/11/13;00:23:56:0867;Fine;plugindescriptor;loading plugin (step 2/2): BetterChairs.jar - cache allowed:True;-;
2018/11/13;00:23:56:0870;Fine;plugindescriptor;loaded plugin: BetterChairs.jar - cache allowed:True;-;
2018/11/13;00:23:56:0870;Fine;InstalledPlugins;Loaded plugin 4 of 52 : BetterChairs.jar;-;
2018/11/13;00:23:56:0870;Fine;InstalledPlugins;Loading plugin 5 of 52 : blacksmith-1.12-SNAPSHOT.jar;-;
2018/11/13;00:23:56:0870;Fine;plugindescriptor;loading plugin (step 1/2): blacksmith-1.12-SNAPSHOT.jar - cache allowed:True;-;
2018/11/13;00:23:56:0870;Fine;plugindescriptor;Reading plugin data from cache...;-;
2018/11/13;00:23:56:0870;Fine;plugindescriptor;loading plugin (step 2/2): blacksmith-1.12-SNAPSHOT.jar - cache allowed:True;-;
2018/11/13;00:23:56:0872;Fine;plugindescriptor;loaded plugin: blacksmith-1.12-SNAPSHOT.jar - cache allowed:True;-;
2018/11/13;00:23:56:0872;Fine;InstalledPlugins;Loaded plugin 5 of 52 : blacksmith-1.12-SNAPSHOT.jar;-;
2018/11/13;00:23:56:0872;Fine;InstalledPlugins;Loading plugin 6 of 52 : Builder.jar;-;
2018/11/13;00:23:56:0872;Fine;plugindescriptor;loading plugin (step 1/2): Builder.jar - cache allowed:True;-;
2018/11/13;00:23:56:0872;Fine;plugindescriptor;Reading plugin data from cache...;-;
2018/11/13;00:23:56:0872;Fine;plugindescriptor;loading plugin (step 2/2): Builder.jar - cache allowed:True;-;
2018/11/13;00:23:56:0881;Fine;plugindescriptor;loaded plugin: Builder.jar - cache allowed:True;-;
2018/11/13;00:23:56:0881;Fine;InstalledPlugins;Loaded plugin 6 of 52 : Builder.jar;-;
2018/11/13;00:23:56:0881;Fine;InstalledPlugins;Loading plugin 7 of 52 : citizens-2.0.24-SNAPSHOT.jar;-;
2018/11/13;00:23:56:0881;Fine;plugindescriptor;loading plugin (step 1/2): citizens-2.0.24-SNAPSHOT.jar - cache allowed:True;-;
2018/11/13;00:23:56:0881;Fine;plugindescriptor;Reading plugin data from cache...;-;
2018/11/13;00:23:56:0881;Fine;plugindescriptor;loading plugin (step 2/2): citizens-2.0.24-SNAPSHOT.jar - cache allowed:True;-;
2018/11/13;00:23:56:0972;Fine;plugindescriptor;loaded plugin: citizens-2.0.24-SNAPSHOT.jar - cache allowed:True;-;
2018/11/13;00:23:56:0973;Fine;InstalledPlugins;Loaded plugin 7 of 52 : citizens-2.0.24-SNAPSHOT.jar;-;
2018/11/13;00:23:56:0973;Fine;InstalledPlugins;Loading plugin 8 of 52 : ColoredSigns.jar;-;
2018/11/13;00:23:56:0973;Fine;plugindescriptor;loading plugin (step 1/2): ColoredSigns.jar - cache allowed:True;-;
2018/11/13;00:23:56:0973;Fine;plugindescriptor;Reading plugin data from cache...;-;
2018/11/13;00:23:56:0973;Fine;plugindescriptor;loading plugin (step 2/2): ColoredSigns.jar - cache allowed:True;-;
2018/11/13;00:23:56:0974;Fine;plugindescriptor;loaded plugin: ColoredSigns.jar - cache allowed:True;-;
2018/11/13;00:23:56:0974;Fine;InstalledPlugins;Loaded plugin 8 of 52 : ColoredSigns.jar;-;
2018/11/13;00:23:56:0974;Fine;InstalledPlugins;Loading plugin 9 of 52 : craftconomy3-3.3.1.jar;-;
2018/11/13;00:23:56:0974;Fine;plugindescriptor;loading plugin (step 1/2): craftconomy3-3.3.1.jar - cache allowed:True;-;
2018/11/13;00:23:56:0974;Fine;plugindescriptor;Reading plugin data from cache...;-;
2018/11/13;00:23:56:0974;Fine;plugindescriptor;loading plugin (step 2/2): craftconomy3-3.3.1.jar - cache allowed:True;-;
2018/11/13;00:23:56:0976;Fine;plugindescriptor;loaded plugin: craftconomy3-3.3.1.jar - cache allowed:True;-;
2018/11/13;00:23:56:0976;Fine;InstalledPlugins;Loaded plugin 9 of 52 : craftconomy3-3.3.1.jar;-;
2018/11/13;00:23:56:0976;Fine;InstalledPlugins;Loading plugin 10 of 52 : CustomPayloadFixer.jar;-;
2018/11/13;00:23:56:0976;Fine;plugindescriptor;loading plugin (step 1/2): CustomPayloadFixer.jar - cache allowed:True;-;
2018/11/13;00:23:56:0976;Fine;plugindescriptor;Reading plugin data from cache...;-;
2018/11/13;00:23:56:0976;Fine;plugindescriptor;loading plugin (step 2/2): CustomPayloadFixer.jar - cache allowed:True;-;
2018/11/13;00:23:56:0978;Fine;plugindescriptor;loaded plugin: CustomPayloadFixer.jar - cache allowed:True;-;
2018/11/13;00:23:56:0978;Fine;InstalledPlugins;Loaded plugin 10 of 52 : CustomPayloadFixer.jar;-;
2018/11/13;00:23:56:0978;Fine;InstalledPlugins;Loading plugin 11 of 52 : denizen-1.0.2-SNAPSHOT (3).jar;-;
2018/11/13;00:23:56:0978;Fine;plugindescriptor;loading plugin (step 1/2): denizen-1.0.2-SNAPSHOT (3).jar - cache allowed:True;-;
2018/11/13;00:23:56:0978;Fine;plugindescriptor;Reading plugin data from cache...;-;
2018/11/13;00:23:56:0978;Fine;plugindescriptor;loading plugin (step 2/2): denizen-1.0.2-SNAPSHOT (3).jar - cache allowed:True;-;
2018/11/13;00:23:56:0983;Fine;plugindescriptor;loaded plugin: denizen-1.0.2-SNAPSHOT (3).jar - cache allowed:True;-;
2018/11/13;00:23:56:0983;Fine;InstalledPlugins;Loaded plugin 11 of 52 : denizen-1.0.2-SNAPSHOT (3).jar;-;
2018/11/13;00:23:56:0983;Fine;InstalledPlugins;Loading plugin 12 of 52 : DepenizenBukkit (3).jar;-;
2018/11/13;00:23:56:0983;Fine;plugindescriptor;loading plugin (step 1/2): DepenizenBukkit (3).jar - cache allowed:True;-;
2018/11/13;00:23:56:0983;Fine;plugindescriptor;Reading plugin data from cache...;-;
2018/11/13;00:23:56:0983;Fine;plugindescriptor;loading plugin (step 2/2): DepenizenBukkit (3).jar - cache allowed:True;-;
2018/11/13;00:23:57:0002;Fine;plugindescriptor;loaded plugin: DepenizenBukkit (3).jar - cache allowed:True;-;
2018/11/13;00:23:57:0002;Fine;InstalledPlugins;Loaded plugin 12 of 52 : DepenizenBukkit (3).jar;-;
2018/11/13;00:23:57:0002;Fine;InstalledPlugins;Loading plugin 13 of 52 : DisableDrops.jar;-;
2018/11/13;00:23:57:0002;Fine;plugindescriptor;loading plugin (step 1/2): DisableDrops.jar - cache allowed:True;-;
2018/11/13;00:23:57:0002;Fine;plugindescriptor;Reading plugin data from cache...;-;
2018/11/13;00:23:57:0002;Fine;plugindescriptor;loading plugin (step 2/2): DisableDrops.jar - cache allowed:True;-;
2018/11/13;00:23:57:0010;Fine;plugindescriptor;loaded plugin: DisableDrops.jar - cache allowed:True;-;
2018/11/13;00:23:57:0010;Fine;InstalledPlugins;Loaded plugin 13 of 52 : DisableDrops.jar;-;
2018/11/13;00:23:57:0010;Fine;InstalledPlugins;Loading plugin 14 of 52 : dtlTraders-4.0.1-SNAPSHOT.jar;-;
2018/11/13;00:23:57:0010;Fine;plugindescriptor;loading plugin (step 1/2): dtlTraders-4.0.1-SNAPSHOT.jar - cache allowed:True;-;
2018/11/13;00:23:57:0010;Fine;plugindescriptor;Reading plugin data from cache...;-;
2018/11/13;00:23:57:0010;Fine;plugindescriptor;loading plugin (step 2/2): dtlTraders-4.0.1-SNAPSHOT.jar - cache allowed:True;-;
2018/11/13;00:23:57:0020;Fine;plugindescriptor;loaded plugin: dtlTraders-4.0.1-SNAPSHOT.jar - cache allowed:True;-;
2018/11/13;00:23:57:0020;Fine;InstalledPlugins;Loaded plugin 14 of 52 : dtlTraders-4.0.1-SNAPSHOT.jar;-;
2018/11/13;00:23:57:0020;Fine;InstalledPlugins;Loading plugin 15 of 52 : dungeonsxl-0.16-SNAPSHOT-599.jar;-;
2018/11/13;00:23:57:0020;Fine;plugindescriptor;loading plugin (step 1/2): dungeonsxl-0.16-SNAPSHOT-599.jar - cache allowed:True;-;
2018/11/13;00:23:57:0020;Fine;plugindescriptor;Reading plugin data from cache...;-;
2018/11/13;00:23:57:0020;Fine;plugindescriptor;loading plugin (step 2/2): dungeonsxl-0.16-SNAPSHOT-599.jar - cache allowed:True;-;
2018/11/13;00:23:57:0022;Fine;plugindescriptor;loaded plugin: dungeonsxl-0.16-SNAPSHOT-599.jar - cache allowed:True;-;
2018/11/13;00:23:57:0022;Fine;InstalledPlugins;Loaded plugin 15 of 52 : dungeonsxl-0.16-SNAPSHOT-599.jar;-;
2018/11/13;00:23:57:0022;Fine;InstalledPlugins;Loading plugin 16 of 52 : EnchantedFurnace.jar;-;
2018/11/13;00:23:57:0022;Fine;plugindescriptor;loading plugin (step 1/2): EnchantedFurnace.jar - cache allowed:True;-;
2018/11/13;00:23:57:0022;Fine;plugindescriptor;Reading plugin data from cache...;-;
2018/11/13;00:23:57:0022;Fine;plugindescriptor;loading plugin (step 2/2): EnchantedFurnace.jar - cache allowed:True;-;
2018/11/13;00:23:57:0023;Fine;plugindescriptor;loaded plugin: EnchantedFurnace.jar - cache allowed:True;-;
2018/11/13;00:23:57:0023;Fine;InstalledPlugins;Loaded plugin 16 of 52 : EnchantedFurnace.jar;-;
2018/11/13;00:23:57:0023;Fine;InstalledPlugins;Loading plugin 17 of 52 : EnchantmentAPI.jar;-;
2018/11/13;00:23:57:0023;Fine;plugindescriptor;loading plugin (step 1/2): EnchantmentAPI.jar - cache allowed:True;-;
2018/11/13;00:23:57:0024;Fine;plugindescriptor;Reading plugin data from cache...;-;
2018/11/13;00:23:57:0024;Fine;plugindescriptor;loading plugin (step 2/2): EnchantmentAPI.jar - cache allowed:True;-;
2018/11/13;00:23:57:0025;Fine;plugindescriptor;loaded plugin: EnchantmentAPI.jar - cache allowed:True;-;
2018/11/13;00:23:57:0025;Fine;InstalledPlugins;Loaded plugin 17 of 52 : EnchantmentAPI.jar;-;
2018/11/13;00:23:57:0025;Fine;InstalledPlugins;Loading plugin 18 of 52 : EnchantmentPack.jar;-;
2018/11/13;00:23:57:0025;Fine;plugindescriptor;loading plugin (step 1/2): EnchantmentPack.jar - cache allowed:True;-;
2018/11/13;00:23:57:0025;Fine;plugindescriptor;Reading plugin data from cache...;-;
2018/11/13;00:23:57:0025;Fine;plugindescriptor;loading plugin (step 2/2): EnchantmentPack.jar - cache allowed:True;-;
2018/11/13;00:23:57:0027;Fine;plugindescriptor;loaded plugin: EnchantmentPack.jar - cache allowed:True;-;
2018/11/13;00:23:57:0027;Fine;InstalledPlugins;Loaded plugin 18 of 52 : EnchantmentPack.jar;-;
2018/11/13;00:23:57:0027;Fine;InstalledPlugins;Loading plugin 19 of 52 : GuoHealthIndicator.jar;-;
2018/11/13;00:23:57:0027;Fine;plugindescriptor;loading plugin (step 1/2): GuoHealthIndicator.jar - cache allowed:True;-;
2018/11/13;00:23:57:0027;Fine;plugindescriptor;Reading plugin data from cache...;-;
2018/11/13;00:23:57:0027;Fine;plugindescriptor;loading plugin (step 2/2): GuoHealthIndicator.jar - cache allowed:True;-;
2018/11/13;00:23:57:0028;Fine;plugindescriptor;loaded plugin: GuoHealthIndicator.jar - cache allowed:True;-;
2018/11/13;00:23:57:0028;Fine;InstalledPlugins;Loaded plugin 19 of 52 : GuoHealthIndicator.jar;-;
2018/11/13;00:23:57:0028;Fine;InstalledPlugins;Loading plugin 20 of 52 : HeadsInventory-1.5.1.jar;-;
2018/11/13;00:23:57:0028;Fine;plugindescriptor;loading plugin (step 1/2): HeadsInventory-1.5.1.jar - cache allowed:True;-;
2018/11/13;00:23:57:0028;Fine;plugindescriptor;Reading plugin data from cache...;-;
2018/11/13;00:23:57:0028;Fine;plugindescriptor;loading plugin (step 2/2): HeadsInventory-1.5.1.jar - cache allowed:True;-;
2018/11/13;00:23:57:0044;Fine;plugindescriptor;loaded plugin: HeadsInventory-1.5.1.jar - cache allowed:True;-;
2018/11/13;00:23:57:0044;Fine;InstalledPlugins;Loaded plugin 20 of 52 : HeadsInventory-1.5.1.jar;-;
2018/11/13;00:23:57:0044;Fine;InstalledPlugins;Loading plugin 21 of 52 : HeadsPlugin-1.6.1.jar;-;
2018/11/13;00:23:57:0044;Fine;plugindescriptor;loading plugin (step 1/2): HeadsPlugin-1.6.1.jar - cache allowed:True;-;
2018/11/13;00:23:57:0044;Fine;plugindescriptor;Reading plugin data from cache...;-;
2018/11/13;00:23:57:0044;Fine;plugindescriptor;loading plugin (step 2/2): HeadsPlugin-1.6.1.jar - cache allowed:True;-;
2018/11/13;00:23:57:0046;Fine;plugindescriptor;loaded plugin: HeadsPlugin-1.6.1.jar - cache allowed:True;-;
2018/11/13;00:23:57:0046;Fine;InstalledPlugins;Loaded plugin 21 of 52 : HeadsPlugin-1.6.1.jar;-;
2018/11/13;00:23:57:0046;Fine;InstalledPlugins;Loading plugin 22 of 52 : HolographicDisplays.jar;-;
2018/11/13;00:23:57:0046;Fine;plugindescriptor;loading plugin (step 1/2): HolographicDisplays.jar - cache allowed:True;-;
2018/11/13;00:23:57:0046;Fine;plugindescriptor;Reading plugin data from cache...;-;
2018/11/13;00:23:57:0046;Fine;plugindescriptor;loading plugin (step 2/2): HolographicDisplays.jar - cache allowed:True;-;
2018/11/13;00:23:57:0047;Fine;plugindescriptor;loaded plugin: HolographicDisplays.jar - cache allowed:True;-;
2018/11/13;00:23:57:0048;Fine;InstalledPlugins;Loaded plugin 22 of 52 : HolographicDisplays.jar;-;
2018/11/13;00:23:57:0048;Fine;InstalledPlugins;Loading plugin 23 of 52 : HomeSpawnPlus-v2.1.0-SNAPSHOT-b642.jar;-;
2018/11/13;00:23:57:0048;Fine;plugindescriptor;loading plugin (step 1/2): HomeSpawnPlus-v2.1.0-SNAPSHOT-b642.jar - cache allowed:True;-;
2018/11/13;00:23:57:0048;Fine;plugindescriptor;Reading plugin data from cache...;-;
2018/11/13;00:23:57:0048;Fine;plugindescriptor;loading plugin (step 2/2): HomeSpawnPlus-v2.1.0-SNAPSHOT-b642.jar - cache allowed:True;-;
2018/11/13;00:23:57:0057;Fine;plugindescriptor;loaded plugin: HomeSpawnPlus-v2.1.0-SNAPSHOT-b642.jar - cache allowed:True;-;
2018/11/13;00:23:57:0057;Fine;InstalledPlugins;Loaded plugin 23 of 52 : HomeSpawnPlus-v2.1.0-SNAPSHOT-b642.jar;-;
2018/11/13;00:23:57:0057;Fine;InstalledPlugins;Loading plugin 24 of 52 : ItemRestrict-2.4.1.jar;-;
2018/11/13;00:23:57:0057;Fine;plugindescriptor;loading plugin (step 1/2): ItemRestrict-2.4.1.jar - cache allowed:True;-;
2018/11/13;00:23:57:0057;Fine;plugindescriptor;Reading plugin data from cache...;-;
2018/11/13;00:23:57:0057;Fine;plugindescriptor;loading plugin (step 2/2): ItemRestrict-2.4.1.jar - cache allowed:True;-;
2018/11/13;00:23:57:0069;Fine;plugindescriptor;loaded plugin: ItemRestrict-2.4.1.jar - cache allowed:True;-;
2018/11/13;00:23:57:0069;Fine;InstalledPlugins;Loaded plugin 24 of 52 : ItemRestrict-2.4.1.jar;-;
2018/11/13;00:23:57:0069;Fine;InstalledPlugins;Loading plugin 25 of 52 : itemsxl-0.2.5.jar;-;
2018/11/13;00:23:57:0069;Fine;plugindescriptor;loading plugin (step 1/2): itemsxl-0.2.5.jar - cache allowed:True;-;
2018/11/13;00:23:57:0069;Fine;plugindescriptor;Reading plugin data from cache...;-;
2018/11/13;00:23:57:0069;Fine;plugindescriptor;loading plugin (step 2/2): itemsxl-0.2.5.jar - cache allowed:True;-;
2018/11/13;00:23:57:0077;Fine;plugindescriptor;loaded plugin: itemsxl-0.2.5.jar - cache allowed:True;-;
2018/11/13;00:23:57:0077;Fine;InstalledPlugins;Loaded plugin 25 of 52 : itemsxl-0.2.5.jar;-;
2018/11/13;00:23:57:0077;Fine;InstalledPlugins;Loading plugin 26 of 52 : Jobs4.2.1.jar;-;
2018/11/13;00:23:57:0077;Fine;plugindescriptor;loading plugin (step 1/2): Jobs4.2.1.jar - cache allowed:True;-;
2018/11/13;00:23:57:0078;Fine;plugindescriptor;Reading plugin data from cache...;-;
2018/11/13;00:23:57:0078;Fine;plugindescriptor;loading plugin (step 2/2): Jobs4.2.1.jar - cache allowed:True;-;
2018/11/13;00:23:57:0084;Fine;plugindescriptor;loaded plugin: Jobs4.2.1.jar - cache allowed:True;-;
2018/11/13;00:23:57:0085;Fine;InstalledPlugins;Loaded plugin 26 of 52 : Jobs4.2.1.jar;-;
2018/11/13;00:23:57:0085;Fine;InstalledPlugins;Loading plugin 27 of 52 : JSONAPI-BLEEDING-mc1.12-R0.1-SNAPSHOT.jar;-;
2018/11/13;00:23:57:0085;Fine;plugindescriptor;loading plugin (step 1/2): JSONAPI-BLEEDING-mc1.12-R0.1-SNAPSHOT.jar - cache allowed:True;-;
2018/11/13;00:23:57:0085;Fine;plugindescriptor;Reading plugin data from cache...;-;
2018/11/13;00:23:57:0085;Fine;plugindescriptor;loading plugin (step 2/2): JSONAPI-BLEEDING-mc1.12-R0.1-SNAPSHOT.jar - cache allowed:True;-;
2018/11/13;00:23:57:0093;Fine;plugindescriptor;loaded plugin: JSONAPI-BLEEDING-mc1.12-R0.1-SNAPSHOT.jar - cache allowed:True;-;
2018/11/13;00:23:57:0093;Fine;InstalledPlugins;Loaded plugin 27 of 52 : JSONAPI-BLEEDING-mc1.12-R0.1-SNAPSHOT.jar;-;
2018/11/13;00:23:57:0093;Fine;InstalledPlugins;Loading plugin 28 of 52 : KeepItems.jar;-;
2018/11/13;00:23:57:0093;Fine;plugindescriptor;loading plugin (step 1/2): KeepItems.jar - cache allowed:True;-;
2018/11/13;00:23:57:0093;Fine;plugindescriptor;Reading plugin data from cache...;-;
2018/11/13;00:23:57:0093;Fine;plugindescriptor;loading plugin (step 2/2): KeepItems.jar - cache allowed:True;-;
2018/11/13;00:23:57:0094;Fine;plugindescriptor;loaded plugin: KeepItems.jar - cache allowed:True;-;
2018/11/13;00:23:57:0094;Fine;InstalledPlugins;Loaded plugin 28 of 52 : KeepItems.jar;-;
2018/11/13;00:23:57:0094;Fine;InstalledPlugins;Loading plugin 29 of 52 : LaggRemover-2.0.2.jar;-;
2018/11/13;00:23:57:0094;Fine;plugindescriptor;loading plugin (step 1/2): LaggRemover-2.0.2.jar - cache allowed:True;-;
2018/11/13;00:23:57:0094;Fine;plugindescriptor;Reading plugin data from cache...;-;
2018/11/13;00:23:57:0095;Fine;plugindescriptor;loading plugin (step 2/2): LaggRemover-2.0.2.jar - cache allowed:True;-;
2018/11/13;00:23:57:0097;Fine;plugindescriptor;loaded plugin: LaggRemover-2.0.2.jar - cache allowed:True;-;
2018/11/13;00:23:57:0097;Fine;InstalledPlugins;Loaded plugin 29 of 52 : LaggRemover-2.0.2.jar;-;
2018/11/13;00:23:57:0097;Fine;InstalledPlugins;Loading plugin 30 of 52 : LibsDisguises-9.5.2.jar;-;
2018/11/13;00:23:57:0097;Fine;plugindescriptor;loading plugin (step 1/2): LibsDisguises-9.5.2.jar - cache allowed:True;-;
2018/11/13;00:23:57:0098;Fine;plugindescriptor;Reading plugin data from cache...;-;
2018/11/13;00:23:57:0098;Fine;plugindescriptor;loading plugin (step 2/2): LibsDisguises-9.5.2.jar - cache allowed:True;-;
2018/11/13;00:23:57:0105;Fine;plugindescriptor;loaded plugin: LibsDisguises-9.5.2.jar - cache allowed:True;-;
2018/11/13;00:23:57:0105;Fine;InstalledPlugins;Loaded plugin 30 of 52 : LibsDisguises-9.5.2.jar;-;
2018/11/13;00:23:57:0105;Fine;InstalledPlugins;Loading plugin 31 of 52 : MCCore.jar;-;
2018/11/13;00:23:57:0105;Fine;plugindescriptor;loading plugin (step 1/2): MCCore.jar - cache allowed:True;-;
2018/11/13;00:23:57:0105;Fine;plugindescriptor;Reading plugin data from cache...;-;
2018/11/13;00:23:57:0105;Fine;plugindescriptor;loading plugin (step 2/2): MCCore.jar - cache allowed:True;-;
2018/11/13;00:23:57:0108;Fine;plugindescriptor;loaded plugin: MCCore.jar - cache allowed:True;-;
2018/11/13;00:23:57:0108;Fine;InstalledPlugins;Loaded plugin 31 of 52 : MCCore.jar;-;
2018/11/13;00:23:57:0108;Fine;InstalledPlugins;Loading plugin 32 of 52 : mmDisguiseCommand (1).jar;-;
2018/11/13;00:23:57:0109;Fine;plugindescriptor;loading plugin (step 1/2): mmDisguiseCommand (1).jar - cache allowed:True;-;
2018/11/13;00:23:57:0109;Fine;plugindescriptor;Reading plugin data from cache...;-;
2018/11/13;00:23:57:0109;Fine;plugindescriptor;loading plugin (step 2/2): mmDisguiseCommand (1).jar - cache allowed:True;-;
2018/11/13;00:23:57:0111;Fine;plugindescriptor;loaded plugin: mmDisguiseCommand (1).jar - cache allowed:True;-;
2018/11/13;00:23:57:0111;Fine;InstalledPlugins;Loaded plugin 32 of 52 : mmDisguiseCommand (1).jar;-;
2018/11/13;00:23:57:0111;Fine;InstalledPlugins;Loading plugin 33 of 52 : Multiverse-Core-2.5.0.jar;-;
2018/11/13;00:23:57:0111;Fine;plugindescriptor;loading plugin (step 1/2): Multiverse-Core-2.5.0.jar - cache allowed:True;-;
2018/11/13;00:23:57:0111;Fine;plugindescriptor;Reading plugin data from cache...;-;
2018/11/13;00:23:57:0111;Fine;plugindescriptor;loading plugin (step 2/2): Multiverse-Core-2.5.0.jar - cache allowed:True;-;
2018/11/13;00:23:57:0123;Fine;plugindescriptor;loaded plugin: Multiverse-Core-2.5.0.jar - cache allowed:True;-;
2018/11/13;00:23:57:0123;Fine;InstalledPlugins;Loaded plugin 33 of 52 : Multiverse-Core-2.5.0.jar;-;
2018/11/13;00:23:57:0123;Fine;InstalledPlugins;Loading plugin 34 of 52 : MythicArtifacts-0.1.14-SNAPSHOT.jar;-;
2018/11/13;00:23:57:0123;Fine;plugindescriptor;loading plugin (step 1/2): MythicArtifacts-0.1.14-SNAPSHOT.jar - cache allowed:True;-;
2018/11/13;00:23:57:0123;Fine;plugindescriptor;Reading plugin data from cache...;-;
2018/11/13;00:23:57:0123;Fine;plugindescriptor;loading plugin (step 2/2): MythicArtifacts-0.1.14-SNAPSHOT.jar - cache allowed:True;-;
2018/11/13;00:23:57:0136;Fine;plugindescriptor;loaded plugin: MythicArtifacts-0.1.14-SNAPSHOT.jar - cache allowed:True;-;
2018/11/13;00:23:57:0136;Fine;InstalledPlugins;Loaded plugin 34 of 52 : MythicArtifacts-0.1.14-SNAPSHOT.jar;-;
2018/11/13;00:23:57:0136;Fine;InstalledPlugins;Loading plugin 35 of 52 : MythicDrops.jar;-;
2018/11/13;00:23:57:0136;Fine;plugindescriptor;loading plugin (step 1/2): MythicDrops.jar - cache allowed:True;-;
2018/11/13;00:23:57:0136;Fine;plugindescriptor;Reading plugin data from cache...;-;
2018/11/13;00:23:57:0136;Fine;plugindescriptor;loading plugin (step 2/2): MythicDrops.jar - cache allowed:True;-;
2018/11/13;00:23:57:0140;Fine;plugindescriptor;loaded plugin: MythicDrops.jar - cache allowed:True;-;
2018/11/13;00:23:57:0140;Fine;InstalledPlugins;Loaded plugin 35 of 52 : MythicDrops.jar;-;
2018/11/13;00:23:57:0140;Fine;InstalledPlugins;Loading plugin 36 of 52 : MythicMobs-4.4.0-SNAPSHOT.jar;-;
2018/11/13;00:23:57:0140;Fine;plugindescriptor;loading plugin (step 1/2): MythicMobs-4.4.0-SNAPSHOT.jar - cache allowed:True;-;
2018/11/13;00:23:57:0141;Fine;plugindescriptor;Reading plugin data from cache...;-;
2018/11/13;00:23:57:0141;Fine;plugindescriptor;loading plugin (step 2/2): MythicMobs-4.4.0-SNAPSHOT.jar - cache allowed:True;-;
2018/11/13;00:23:57:0150;Fine;plugindescriptor;loaded plugin: MythicMobs-4.4.0-SNAPSHOT.jar - cache allowed:True;-;
2018/11/13;00:23:57:0150;Fine;InstalledPlugins;Loaded plugin 36 of 52 : MythicMobs-4.4.0-SNAPSHOT.jar;-;
2018/11/13;00:23:57:0150;Fine;InstalledPlugins;Loading plugin 37 of 52 : MythicMobsExtension.jar;-;
2018/11/13;00:23:57:0150;Fine;plugindescriptor;loading plugin (step 1/2): MythicMobsExtension.jar - cache allowed:True;-;
2018/11/13;00:23:57:0150;Fine;plugindescriptor;Reading plugin data from cache...;-;
2018/11/13;00:23:57:0150;Fine;plugindescriptor;loading plugin (step 2/2): MythicMobsExtension.jar - cache allowed:True;-;
2018/11/13;00:23:57:0152;Fine;plugindescriptor;loaded plugin: MythicMobsExtension.jar - cache allowed:True;-;
2018/11/13;00:23:57:0152;Fine;InstalledPlugins;Loaded plugin 37 of 52 : MythicMobsExtension.jar;-;
2018/11/13;00:23:57:0152;Fine;InstalledPlugins;Loading plugin 38 of 52 : NoCheatPlus.jar;-;
2018/11/13;00:23:57:0152;Fine;plugindescriptor;loading plugin (step 1/2): NoCheatPlus.jar - cache allowed:True;-;
2018/11/13;00:23:57:0152;Fine;plugindescriptor;Reading plugin data from cache...;-;
2018/11/13;00:23:57:0152;Fine;plugindescriptor;loading plugin (step 2/2): NoCheatPlus.jar - cache allowed:True;-;
2018/11/13;00:23:57:0179;Fine;plugindescriptor;loaded plugin: NoCheatPlus.jar - cache allowed:True;-;
2018/11/13;00:23:57:0180;Fine;InstalledPlugins;Loaded plugin 38 of 52 : NoCheatPlus.jar;-;
2018/11/13;00:23:57:0180;Fine;InstalledPlugins;Loading plugin 39 of 52 : NPCAuctions.jar;-;
2018/11/13;00:23:57:0180;Fine;plugindescriptor;loading plugin (step 1/2): NPCAuctions.jar - cache allowed:True;-;
2018/11/13;00:23:57:0180;Fine;plugindescriptor;Reading plugin data from cache...;-;
2018/11/13;00:23:57:0180;Fine;plugindescriptor;loading plugin (step 2/2): NPCAuctions.jar - cache allowed:True;-;
2018/11/13;00:23:57:0183;Fine;plugindescriptor;loaded plugin: NPCAuctions.jar - cache allowed:True;-;
2018/11/13;00:23:57:0184;Fine;InstalledPlugins;Loaded plugin 39 of 52 : NPCAuctions.jar;-;
2018/11/13;00:23:57:0184;Fine;InstalledPlugins;Loading plugin 40 of 52 : PermissionsEx-1.23.4.jar;-;
2018/11/13;00:23:57:0184;Fine;plugindescriptor;loading plugin (step 1/2): PermissionsEx-1.23.4.jar - cache allowed:True;-;
2018/11/13;00:23:57:0184;Fine;plugindescriptor;Reading plugin data from cache...;-;
2018/11/13;00:23:57:0184;Fine;plugindescriptor;loading plugin (step 2/2): PermissionsEx-1.23.4.jar - cache allowed:True;-;
2018/11/13;00:23:57:0193;Fine;plugindescriptor;loaded plugin: PermissionsEx-1.23.4.jar - cache allowed:True;-;
2018/11/13;00:23:57:0193;Fine;InstalledPlugins;Loaded plugin 40 of 52 : PermissionsEx-1.23.4.jar;-;
2018/11/13;00:23:57:0193;Fine;InstalledPlugins;Loading plugin 41 of 52 : PluginConstructorAPI v1.0.11.jar;-;
2018/11/13;00:23:57:0193;Fine;plugindescriptor;loading plugin (step 1/2): PluginConstructorAPI v1.0.11.jar - cache allowed:True;-;
2018/11/13;00:23:57:0193;Fine;plugindescriptor;Reading plugin data from cache...;-;
2018/11/13;00:23:57:0193;Fine;plugindescriptor;loading plugin (step 2/2): PluginConstructorAPI v1.0.11.jar - cache allowed:True;-;
2018/11/13;00:23:57:0195;Fine;plugindescriptor;loaded plugin: PluginConstructorAPI v1.0.11.jar - cache allowed:True;-;
2018/11/13;00:23:57:0195;Fine;InstalledPlugins;Loaded plugin 41 of 52 : PluginConstructorAPI v1.0.11.jar;-;
2018/11/13;00:23:57:0195;Fine;InstalledPlugins;Loading plugin 42 of 52 : ProtocolLib.jar;-;
2018/11/13;00:23:57:0195;Fine;plugindescriptor;loading plugin (step 1/2): ProtocolLib.jar - cache allowed:True;-;
2018/11/13;00:23:57:0195;Fine;plugindescriptor;Reading plugin data from cache...;-;
2018/11/13;00:23:57:0195;Fine;plugindescriptor;loading plugin (step 2/2): ProtocolLib.jar - cache allowed:True;-;
2018/11/13;00:23:57:0199;Fine;plugindescriptor;loaded plugin: ProtocolLib.jar - cache allowed:True;-;
2018/11/13;00:23:57:0199;Fine;InstalledPlugins;Loaded plugin 42 of 52 : ProtocolLib.jar;-;
2018/11/13;00:23:57:0199;Fine;InstalledPlugins;Loading plugin 43 of 52 : sentinel-1.4.5.jar;-;
2018/11/13;00:23:57:0199;Fine;plugindescriptor;loading plugin (step 1/2): sentinel-1.4.5.jar - cache allowed:True;-;
2018/11/13;00:23:57:0199;Fine;plugindescriptor;Reading plugin data from cache...;-;
2018/11/13;00:23:57:0199;Fine;plugindescriptor;loading plugin (step 2/2): sentinel-1.4.5.jar - cache allowed:True;-;
2018/11/13;00:23:57:0202;Fine;plugindescriptor;loaded plugin: sentinel-1.4.5.jar - cache allowed:True;-;
2018/11/13;00:23:57:0202;Fine;InstalledPlugins;Loaded plugin 43 of 52 : sentinel-1.4.5.jar;-;
2018/11/13;00:23:57:0202;Fine;InstalledPlugins;Loading plugin 44 of 52 : SimpleTrading.jar;-;
2018/11/13;00:23:57:0202;Fine;plugindescriptor;loading plugin (step 1/2): SimpleTrading.jar - cache allowed:True;-;
2018/11/13;00:23:57:0202;Fine;plugindescriptor;Reading plugin data from cache...;-;
2018/11/13;00:23:57:0202;Fine;plugindescriptor;loading plugin (step 2/2): SimpleTrading.jar - cache allowed:True;-;
2018/11/13;00:23:57:0203;Fine;plugindescriptor;loaded plugin: SimpleTrading.jar - cache allowed:True;-;
2018/11/13;00:23:57:0203;Fine;InstalledPlugins;Loaded plugin 44 of 52 : SimpleTrading.jar;-;
2018/11/13;00:23:57:0203;Fine;InstalledPlugins;Loading plugin 45 of 52 : SkillAPI.jar;-;
2018/11/13;00:23:57:0203;Fine;plugindescriptor;loading plugin (step 1/2): SkillAPI.jar - cache allowed:True;-;
2018/11/13;00:23:57:0203;Fine;plugindescriptor;Reading plugin data from cache...;-;
2018/11/13;00:23:57:0203;Fine;plugindescriptor;loading plugin (step 2/2): SkillAPI.jar - cache allowed:True;-;
2018/11/13;00:23:57:0207;Fine;plugindescriptor;loaded plugin: SkillAPI.jar - cache allowed:True;-;
2018/11/13;00:23:57:0207;Fine;InstalledPlugins;Loaded plugin 45 of 52 : SkillAPI.jar;-;
2018/11/13;00:23:57:0207;Fine;InstalledPlugins;Loading plugin 46 of 52 : SkinsRestorer.jar;-;
2018/11/13;00:23:57:0207;Fine;plugindescriptor;loading plugin (step 1/2): SkinsRestorer.jar - cache allowed:True;-;
2018/11/13;00:23:57:0207;Fine;plugindescriptor;Reading plugin data from cache...;-;
2018/11/13;00:23:57:0207;Fine;plugindescriptor;loading plugin (step 2/2): SkinsRestorer.jar - cache allowed:True;-;
2018/11/13;00:23:57:0229;Fine;plugindescriptor;loaded plugin: SkinsRestorer.jar - cache allowed:True;-;
2018/11/13;00:23:57:0229;Fine;InstalledPlugins;Loaded plugin 46 of 52 : SkinsRestorer.jar;-;
2018/11/13;00:23:57:0229;Fine;InstalledPlugins;Loading plugin 47 of 52 : UUIDSpoof-Fix.jar;-;
2018/11/13;00:23:57:0229;Fine;plugindescriptor;loading plugin (step 1/2): UUIDSpoof-Fix.jar - cache allowed:True;-;
2018/11/13;00:23:57:0229;Fine;plugindescriptor;Reading plugin data from cache...;-;
2018/11/13;00:23:57:0229;Fine;plugindescriptor;loading plugin (step 2/2): UUIDSpoof-Fix.jar - cache allowed:True;-;
2018/11/13;00:23:57:0234;Fine;plugindescriptor;loaded plugin: UUIDSpoof-Fix.jar - cache allowed:True;-;
2018/11/13;00:23:57:0234;Fine;InstalledPlugins;Loaded plugin 47 of 52 : UUIDSpoof-Fix.jar;-;
2018/11/13;00:23:57:0234;Fine;InstalledPlugins;Loading plugin 48 of 52 : Vault.jar;-;
2018/11/13;00:23:57:0234;Fine;plugindescriptor;loading plugin (step 1/2): Vault.jar - cache allowed:True;-;
2018/11/13;00:23:57:0234;Fine;plugindescriptor;Reading plugin data from cache...;-;
2018/11/13;00:23:57:0234;Fine;plugindescriptor;loading plugin (step 2/2): Vault.jar - cache allowed:True;-;
2018/11/13;00:23:57:0249;Fine;plugindescriptor;loaded plugin: Vault.jar - cache allowed:True;-;
2018/11/13;00:23:57:0249;Fine;InstalledPlugins;Loaded plugin 48 of 52 : Vault.jar;-;
2018/11/13;00:23:57:0249;Fine;InstalledPlugins;Loading plugin 49 of 52 : VoxelSniper-5.172.0-SNAPSHOT.jar;-;
2018/11/13;00:23:57:0249;Fine;plugindescriptor;loading plugin (step 1/2): VoxelSniper-5.172.0-SNAPSHOT.jar - cache allowed:True;-;
2018/11/13;00:23:57:0249;Fine;plugindescriptor;Reading plugin data from cache...;-;
2018/11/13;00:23:57:0249;Fine;plugindescriptor;loading plugin (step 2/2): VoxelSniper-5.172.0-SNAPSHOT.jar - cache allowed:True;-;
2018/11/13;00:23:57:0297;Fine;plugindescriptor;loaded plugin: VoxelSniper-5.172.0-SNAPSHOT.jar - cache allowed:True;-;
2018/11/13;00:23:57:0297;Fine;InstalledPlugins;Loaded plugin 49 of 52 : VoxelSniper-5.172.0-SNAPSHOT.jar;-;
2018/11/13;00:23:57:0297;Fine;InstalledPlugins;Loading plugin 50 of 52 : worldedit-bukkit-6.1.7.3.jar;-;
2018/11/13;00:23:57:0297;Fine;plugindescriptor;loading plugin (step 1/2): worldedit-bukkit-6.1.7.3.jar - cache allowed:True;-;
2018/11/13;00:23:57:0297;Fine;plugindescriptor;Reading plugin data from cache...;-;
2018/11/13;00:23:57:0297;Fine;plugindescriptor;loading plugin (step 2/2): worldedit-bukkit-6.1.7.3.jar - cache allowed:True;-;
2018/11/13;00:23:57:0322;Fine;plugindescriptor;loaded plugin: worldedit-bukkit-6.1.7.3.jar - cache allowed:True;-;
2018/11/13;00:23:57:0322;Fine;InstalledPlugins;Loaded plugin 50 of 52 : worldedit-bukkit-6.1.7.3.jar;-;
2018/11/13;00:23:57:0322;Fine;InstalledPlugins;Loading plugin 51 of 52 : worldguard-6.2.1.jar;-;
2018/11/13;00:23:57:0322;Fine;plugindescriptor;loading plugin (step 1/2): worldguard-6.2.1.jar - cache allowed:True;-;
2018/11/13;00:23:57:0322;Fine;plugindescriptor;Reading plugin data from cache...;-;
2018/11/13;00:23:57:0322;Fine;plugindescriptor;loading plugin (step 2/2): worldguard-6.2.1.jar - cache allowed:True;-;
2018/11/13;00:23:57:0324;Fine;plugindescriptor;loaded plugin: worldguard-6.2.1.jar - cache allowed:True;-;
2018/11/13;00:23:57:0324;Fine;InstalledPlugins;Loaded plugin 51 of 52 : worldguard-6.2.1.jar;-;
2018/11/13;00:23:57:0324;Fine;InstalledPlugins;Loading plugin 52 of 52 : WorldGuardExtraFlagsPlugin (1).jar;-;
2018/11/13;00:23:57:0324;Fine;plugindescriptor;loading plugin (step 1/2): WorldGuardExtraFlagsPlugin (1).jar - cache allowed:True;-;
2018/11/13;00:23:57:0324;Fine;plugindescriptor;Reading plugin data from cache...;-;
2018/11/13;00:23:57:0324;Fine;plugindescriptor;loading plugin (step 2/2): WorldGuardExtraFlagsPlugin (1).jar - cache allowed:True;-;
2018/11/13;00:23:57:0325;Fine;plugindescriptor;loaded plugin: WorldGuardExtraFlagsPlugin (1).jar - cache allowed:True;-;
2018/11/13;00:23:57:0325;Fine;InstalledPlugins;Loaded plugin 52 of 52 : WorldGuardExtraFlagsPlugin (1).jar;-;
2018/11/13;00:23:57:0351;Warning;dlb;Could not create dlb_download object, xml invalid. Xml:;-;
2018/11/13;00:23:57:0351;Fine;BukkitTools;Fetched latest recommended bukkit version (0);-;
2018/11/13;00:23:57:0726;Warning;dlb;Could not create dlb_download object, xml invalid. Xml:;-;
2018/11/13;00:23:57:0726;Fine;BukkitTools;Fetched latest beta bukkit version (0);-;
2018/11/13;00:23:57:0977;Warning;dlb;Could not create dlb_download object, xml invalid. Xml:;-;
2018/11/13;00:23:57:0977;Fine;BukkitTools;Fetched latest dev bukkit version (0);-;
2018/11/13;00:23:58:0249;Fine;mainform;Starting to load mainform;-;
2018/11/13;00:23:58:0249;Fine;mainform;Mainform window handle saved!;-;
2018/11/13;00:23:58:0274;Fine;mainform;Setting User Interface for server type Bukkit;-;
2018/11/13;00:23:58:0274;Fine;fxml - config;Requested XML element: bukkit_get_version - Value: true;-;
2018/11/13;00:23:58:0279;Fine;fxml - config;Saved XML element: bukkit_get_version - Value: true;-;
2018/11/13;00:23:58:0285;Fine;fxml - config;Requested XML element: jre - Value: 6;-;
2018/11/13;00:23:58:0285;Fine;fxml - config;Requested XML element: server - Value: 4;-;
2018/11/13;00:23:58:0285;Fine;mainform;Setting User Interface for server type Spigot;-;
2018/11/13;00:23:58:0314;Fine;fxml - config;Requested XML element: minram - Value: 128;-;
2018/11/13;00:23:58:0314;Fine;fxml - config;Requested XML element: maxram - Value: 3108;-;
2018/11/13;00:23:58:0316;Fine;fxml - config;Requested XML element: jar - Value: J:\Proyecto Esparcraft\Hell-Tech\Server1.12.1\spigot-1.12.2.jar;-;
2018/11/13;00:23:58:0348;Fine;fxml - config;Saved XML element: jar - Value: J:\Proyecto Esparcraft\Hell-Tech\Server1.12.1\spigot-1.12.2.jar;-;
2018/11/13;00:23:58:0348;Fine;fxml - config;Requested XML element: custom_args - Value: ;-;
2018/11/13;00:23:58:0349;Fine;fxml - config;Requested XML element: custom_switch - Value: ;-;
2018/11/13;00:23:58:0349;Fine;fxml - config;Requested XML element: remote_host - Value: ;-;
2018/11/13;00:23:58:0349;Fine;fxml - config;Requested XML element: remote_username - Value: ;-;
2018/11/13;00:23:58:0349;Fine;fxml - config;Requested XML element: remote_port - Value: 20059;-;
2018/11/13;00:23:58:0349;Fine;fxml - config;Requested XML element: remote_password - Value: ********;-;
2018/11/13;00:23:58:0349;Fine;fxml - config;Requested XML element: remote_salt - Value: ********;-;
2018/11/13;00:23:58:0349;Fine;fxml - config;Requested XML element: bukkit_get_version - Value: true;-;
2018/11/13;00:23:58:0349;Fine;fxml - config;Requested XML element: bukkit_auto_update - Value: false;-;
2018/11/13;00:23:58:0351;Fine;mainform;Loading plugin installer items;-;
2018/11/13;00:23:58:0353;Fine;BukGetAPI;Getting categories;-;
2018/11/13;00:23:58:0354;Fine;AdvancedWebClient;Retrieving contents from api.bukget.org;-;
2018/11/13;00:23:58:0646;Warning;AdvancedWebClient;Could not download data from http://api.bukget.org/3/categories/ : WebException/Unknown : No se puede resolver el nombre remoto: 'api.bukget.org';-;
2018/11/13;00:23:58:0647;Warning;mainform;Couldn't load plugin categories!;Referencia a objeto no establecida como instancia de un objeto.;
2018/11/13;00:23:58:0655;Fine;mainform;Refreshing installed plugins... (52);mainform-pluginmanager;
2018/11/13;00:23:58:0672;Fine;mainform;Updated installed plugins list;mainform-pluginmanager;
2018/11/13;00:23:58:0675;Fine;mainform;Loading info items;-;
2018/11/13;00:23:59:0153;Fine;AdvancedWebClient;Retrieving contents from geoip.bertware.net;-;
2018/11/13;00:23:59:0163;Fine;fxml - config;Requested XML element: time - Value: 500;-;
2018/11/13;00:23:59:0163;Fine;fxml - config;Requested XML element: join - Value: false;-;
2018/11/13;00:23:59:0163;Fine;fxml - config;Requested XML element: disconnect - Value: false;-;
2018/11/13;00:23:59:0163;Fine;fxml - config;Requested XML element: warning - Value: false;-;
2018/11/13;00:23:59:0163;Fine;fxml - config;Requested XML element: severe - Value: false;-;
2018/11/13;00:23:59:0163;Fine;fxml - config;Requested XML element: always - Value: false;-;
2018/11/13;00:23:59:0163;Fine;fxml - config;Requested XML element: minimize - Value: false;-;
2018/11/13;00:23:59:0170;Fine;fxml - config;Requested XML element: language - Value: C:\Users\Hell\AppData\Roaming\Bertware/BukkitGUI\Localization/default.xml;-;
2018/11/13;00:23:59:0188;Fine;fxml - config;Requested XML element: auto_update - Value: true;-;
2018/11/13;00:23:59:0192;Fine;fxml - config;Saved XML element: auto_update - Value: true;-;
2018/11/13;00:23:59:0192;Fine;fxml - config;Requested XML element: enable_tabplayers - Value: true;-;
2018/11/13;00:23:59:0194;Fine;fxml - config;Requested XML element: enable_taberrorlogging - Value: true;-;
2018/11/13;00:23:59:0196;Fine;fxml - config;Requested XML element: enable_tabtaskmanager - Value: true;-;
2018/11/13;00:23:59:0197;Fine;fxml - config;Requested XML element: enable_tabplugins - Value: true;-;
2018/11/13;00:23:59:0199;Fine;fxml - config;Requested XML element: enable_tabserveroptions - Value: true;-;
2018/11/13;00:23:59:0210;Fine;fxml - config;Saved XML element: time - Value: true;-;
2018/11/13;00:23:59:0614;Warning;AdvancedWebClient;Could not download data from http://geoip.bertware.net/me : WebException/Unknown : No se puede resolver el nombre remoto: 'geoip.bertware.net';-;
2018/11/13;00:24:03:0954;Fine;fxml - config;Requested XML element: font_name - Value: arial;-;
2018/11/13;00:24:03:0954;Fine;fxml - config;Requested XML element: font_size - Value: 9;-;
2018/11/13;00:24:03:0954;Fine;fxml - config;Requested XML element: utf_8_compatibility - Value: false;-;
2018/11/13;00:24:03:0975;Fine;ServerSettings;Reading server settings from J:\Proyecto Esparcraft\Hell-Tech\Server1.12.1/server.properties;-;
2018/11/13;00:24:03:0976;Fine;fxml - config;Requested XML element: autostart - Value: false;-;
2018/11/13;00:24:03:0980;Fine;fxml - config;Requested XML element: spamfilter - Value: ;-;
2018/11/13;00:24:03:0980;Fine;fxml - config;Requested XML element: minotar_size - Value: 32;-;
2018/11/13;00:24:03:0980;Fine;fxml - config;Requested XML element: minotar_source - Value: http://minotar.net;-;
2018/11/13;00:24:04:0724;Fine;mainform;Adding 0 Items to BukGet Plugin list;thds_SetBukgetPlugins;
2018/11/13;00:24:04:0724;Fine;mainform;finished to load mainform;-;
2018/11/13;00:24:04:0815;Fine;Splashscreen;Application initialized, Closing splashscreen;-;
2018/11/13;01:56:37:0571;Fine;mainform;Closing mainform;-;
