Oct 4, 2019 1:56:34 AM com.tealcube.minecraft.bukkit.mythicdrops.config.migration.ConfigMigrator migrate - INFO:   Beginning migration process
Oct 4, 2019 1:56:35 AM com.tealcube.minecraft.bukkit.mythicdrops.config.migration.ConfigMigrator migrate - INFO:   Finished migration process!
Oct 4, 2019 1:56:35 AM com.tealcube.minecraft.bukkit.mythicdrops.MythicDropsPlugin reloadTiers - INFO:   Loading tiers from /tiers/
Oct 4, 2019 1:56:35 AM com.tealcube.minecraft.bukkit.mythicdrops.tiers.MythicTier$Companion fromConfigurationSection - INFO:   WHITE doesn't work due to a bug in Spigot, so we're replacing it with RESET instead
Oct 4, 2019 1:56:35 AM com.tealcube.minecraft.bukkit.mythicdrops.MythicDropsPlugin reloadTiers - INFO:   Loaded tiers: [artisan, common, epic, exotic, legendary, rare, uncommon]
Oct 4, 2019 1:56:35 AM com.tealcube.minecraft.bukkit.mythicdrops.MythicDropsPlugin loadPrefixes - INFO:   Loaded prefixes: 250
Oct 4, 2019 1:56:35 AM com.tealcube.minecraft.bukkit.mythicdrops.MythicDropsPlugin loadSuffixes - INFO:   Loaded suffixes: 184
Oct 4, 2019 1:56:35 AM com.tealcube.minecraft.bukkit.mythicdrops.MythicDropsPlugin loadLore - INFO:   Loaded lore: 15
Oct 4, 2019 1:56:35 AM com.tealcube.minecraft.bukkit.mythicdrops.MythicDropsPlugin loadMobNames - INFO:   Loaded mob names: 4214
Oct 4, 2019 1:56:35 AM com.tealcube.minecraft.bukkit.mythicdrops.MythicDropsPlugin reloadCustomItems - INFO:   Loaded custom items: [socketsword]
Oct 4, 2019 1:56:35 AM com.tealcube.minecraft.bukkit.mythicdrops.MythicDropsPlugin reloadRepairCosts - INFO:   Loading repair items
Oct 4, 2019 1:56:35 AM com.tealcube.minecraft.bukkit.mythicdrops.MythicDropsPlugin reloadRepairCosts - INFO:   Loaded repair items: 47
Oct 4, 2019 1:56:35 AM com.tealcube.minecraft.bukkit.mythicdrops.MythicDropsPlugin reloadSocketGems - INFO:   Loading socket gems
Oct 4, 2019 1:56:35 AM com.tealcube.minecraft.bukkit.mythicdrops.MythicDropsPlugin reloadSocketGems - INFO:   Loaded socket gems: [Harden I, Harden II, Harden III, Harden IV, Frost I, Frost II, Frost III, Frost IV, Needles I, Needles II, Needles III, Needles IV, Spikes I, Spikes II, Spikes III, Spikes IV, Sparkly I, Chill I, Chill II, Chill III, Chill IV, Counter I, Counter II, Counter III, Counter IV, Weaken I, Weaken II, Weaken III, Weaken IV, Confusion I, Confusion II, Confusion III, Confusion IV, Darkness I, Darkness II, Darkness III, Darkness IV, Poison I, Poison II, Poison III, Poison IV, Wither I, Wither II, Wither III, Wither IV, Adrenaline I, Adrenaline II, Adrenaline III, Adrenaline IV, Torment I, Torment II, Commanding I]
Oct 4, 2019 1:56:35 AM com.tealcube.minecraft.bukkit.mythicdrops.MythicDropsPlugin reloadSocketGems - INFO:   AuraRunnable disabled due to no gems detected as using AURA trigger type.
Oct 4, 2019 1:56:35 AM com.tealcube.minecraft.bukkit.mythicdrops.MythicDropsPlugin onEnable - INFO:   Mobs spawning with equipment enabled
Oct 4, 2019 1:56:35 AM com.tealcube.minecraft.bukkit.mythicdrops.MythicDropsPlugin onEnable - INFO:   Repairing enabled
Oct 4, 2019 1:56:36 AM com.tealcube.minecraft.bukkit.mythicdrops.MythicDropsPlugin onEnable - INFO:   Socketting enabled
Oct 4, 2019 1:56:36 AM com.tealcube.minecraft.bukkit.mythicdrops.MythicDropsPlugin onEnable - INFO:   Identifying enabled
Oct 4, 2019 1:56:36 AM com.tealcube.minecraft.bukkit.mythicdrops.MythicDropsPlugin onEnable - INFO:   v6.0.0 enabled
Oct 5, 2019 1:17:04 AM com.tealcube.minecraft.bukkit.mythicdrops.config.migration.ConfigMigrator migrate - INFO:   Beginning migration process
Oct 5, 2019 1:17:05 AM com.tealcube.minecraft.bukkit.mythicdrops.config.migration.ConfigMigrator migrate - INFO:   Finished migration process!
Oct 5, 2019 1:17:05 AM com.tealcube.minecraft.bukkit.mythicdrops.MythicDropsPlugin reloadTiers - INFO:   Loading tiers from /tiers/
Oct 5, 2019 1:17:05 AM com.tealcube.minecraft.bukkit.mythicdrops.tiers.MythicTier$Companion fromConfigurationSection - INFO:   WHITE doesn't work due to a bug in Spigot, so we're replacing it with RESET instead
Oct 5, 2019 1:17:05 AM com.tealcube.minecraft.bukkit.mythicdrops.MythicDropsPlugin reloadTiers - INFO:   Loaded tiers: [artisan, common, epic, exotic, legendary, rare, uncommon]
Oct 5, 2019 1:17:05 AM com.tealcube.minecraft.bukkit.mythicdrops.MythicDropsPlugin loadPrefixes - INFO:   Loaded prefixes: 250
Oct 5, 2019 1:17:05 AM com.tealcube.minecraft.bukkit.mythicdrops.MythicDropsPlugin loadSuffixes - INFO:   Loaded suffixes: 184
Oct 5, 2019 1:17:05 AM com.tealcube.minecraft.bukkit.mythicdrops.MythicDropsPlugin loadLore - INFO:   Loaded lore: 15
Oct 5, 2019 1:17:05 AM com.tealcube.minecraft.bukkit.mythicdrops.MythicDropsPlugin loadMobNames - INFO:   Loaded mob names: 4214
Oct 5, 2019 1:17:05 AM com.tealcube.minecraft.bukkit.mythicdrops.MythicDropsPlugin reloadCustomItems - INFO:   Loaded custom items: [socketsword]
Oct 5, 2019 1:17:05 AM com.tealcube.minecraft.bukkit.mythicdrops.MythicDropsPlugin reloadRepairCosts - INFO:   Loading repair items
Oct 5, 2019 1:17:05 AM com.tealcube.minecraft.bukkit.mythicdrops.MythicDropsPlugin reloadRepairCosts - INFO:   Loaded repair items: 47
Oct 5, 2019 1:17:05 AM com.tealcube.minecraft.bukkit.mythicdrops.MythicDropsPlugin reloadSocketGems - INFO:   Loading socket gems
Oct 5, 2019 1:17:05 AM com.tealcube.minecraft.bukkit.mythicdrops.MythicDropsPlugin reloadSocketGems - INFO:   Loaded socket gems: [Harden I, Harden II, Harden III, Harden IV, Frost I, Frost II, Frost III, Frost IV, Needles I, Needles II, Needles III, Needles IV, Spikes I, Spikes II, Spikes III, Spikes IV, Sparkly I, Chill I, Chill II, Chill III, Chill IV, Counter I, Counter II, Counter III, Counter IV, Weaken I, Weaken II, Weaken III, Weaken IV, Confusion I, Confusion II, Confusion III, Confusion IV, Darkness I, Darkness II, Darkness III, Darkness IV, Poison I, Poison II, Poison III, Poison IV, Wither I, Wither II, Wither III, Wither IV, Adrenaline I, Adrenaline II, Adrenaline III, Adrenaline IV, Torment I, Torment II, Commanding I]
Oct 5, 2019 1:17:05 AM com.tealcube.minecraft.bukkit.mythicdrops.MythicDropsPlugin reloadSocketGems - INFO:   AuraRunnable disabled due to no gems detected as using AURA trigger type.
Oct 5, 2019 1:17:05 AM com.tealcube.minecraft.bukkit.mythicdrops.MythicDropsPlugin onEnable - INFO:   Mobs spawning with equipment enabled
Oct 5, 2019 1:17:05 AM com.tealcube.minecraft.bukkit.mythicdrops.MythicDropsPlugin onEnable - INFO:   Repairing enabled
Oct 5, 2019 1:17:05 AM com.tealcube.minecraft.bukkit.mythicdrops.MythicDropsPlugin onEnable - INFO:   Socketting enabled
Oct 5, 2019 1:17:05 AM com.tealcube.minecraft.bukkit.mythicdrops.MythicDropsPlugin onEnable - INFO:   Identifying enabled
Oct 5, 2019 1:17:05 AM com.tealcube.minecraft.bukkit.mythicdrops.MythicDropsPlugin onEnable - INFO:   v6.0.0 enabled
Oct 5, 2019 1:38:30 AM com.tealcube.minecraft.bukkit.mythicdrops.config.migration.ConfigMigrator migrate - INFO:   Beginning migration process
Oct 5, 2019 1:38:30 AM com.tealcube.minecraft.bukkit.mythicdrops.config.migration.ConfigMigrator migrate - INFO:   Finished migration process!
Oct 5, 2019 1:38:31 AM com.tealcube.minecraft.bukkit.mythicdrops.MythicDropsPlugin reloadTiers - INFO:   Loading tiers from /tiers/
Oct 5, 2019 1:38:31 AM com.tealcube.minecraft.bukkit.mythicdrops.tiers.MythicTier$Companion fromConfigurationSection - INFO:   WHITE doesn't work due to a bug in Spigot, so we're replacing it with RESET instead
Oct 5, 2019 1:38:31 AM com.tealcube.minecraft.bukkit.mythicdrops.MythicDropsPlugin reloadTiers - INFO:   Loaded tiers: [artisan, common, epic, exotic, legendary, rare, uncommon]
Oct 5, 2019 1:38:31 AM com.tealcube.minecraft.bukkit.mythicdrops.MythicDropsPlugin loadPrefixes - INFO:   Loaded prefixes: 250
Oct 5, 2019 1:38:31 AM com.tealcube.minecraft.bukkit.mythicdrops.MythicDropsPlugin loadSuffixes - INFO:   Loaded suffixes: 184
Oct 5, 2019 1:38:31 AM com.tealcube.minecraft.bukkit.mythicdrops.MythicDropsPlugin loadLore - INFO:   Loaded lore: 15
Oct 5, 2019 1:38:31 AM com.tealcube.minecraft.bukkit.mythicdrops.MythicDropsPlugin loadMobNames - INFO:   Loaded mob names: 4214
Oct 5, 2019 1:38:31 AM com.tealcube.minecraft.bukkit.mythicdrops.MythicDropsPlugin reloadCustomItems - INFO:   Loaded custom items: [socketsword]
Oct 5, 2019 1:38:31 AM com.tealcube.minecraft.bukkit.mythicdrops.MythicDropsPlugin reloadRepairCosts - INFO:   Loading repair items
Oct 5, 2019 1:38:31 AM com.tealcube.minecraft.bukkit.mythicdrops.MythicDropsPlugin reloadRepairCosts - INFO:   Loaded repair items: 47
Oct 5, 2019 1:38:31 AM com.tealcube.minecraft.bukkit.mythicdrops.MythicDropsPlugin reloadSocketGems - INFO:   Loading socket gems
Oct 5, 2019 1:38:31 AM com.tealcube.minecraft.bukkit.mythicdrops.MythicDropsPlugin reloadSocketGems - INFO:   Loaded socket gems: [Harden I, Harden II, Harden III, Harden IV, Frost I, Frost II, Frost III, Frost IV, Needles I, Needles II, Needles III, Needles IV, Spikes I, Spikes II, Spikes III, Spikes IV, Sparkly I, Chill I, Chill II, Chill III, Chill IV, Counter I, Counter II, Counter III, Counter IV, Weaken I, Weaken II, Weaken III, Weaken IV, Confusion I, Confusion II, Confusion III, Confusion IV, Darkness I, Darkness II, Darkness III, Darkness IV, Poison I, Poison II, Poison III, Poison IV, Wither I, Wither II, Wither III, Wither IV, Adrenaline I, Adrenaline II, Adrenaline III, Adrenaline IV, Torment I, Torment II, Commanding I]
Oct 5, 2019 1:38:31 AM com.tealcube.minecraft.bukkit.mythicdrops.MythicDropsPlugin reloadSocketGems - INFO:   AuraRunnable disabled due to no gems detected as using AURA trigger type.
Oct 5, 2019 1:38:31 AM com.tealcube.minecraft.bukkit.mythicdrops.MythicDropsPlugin onEnable - INFO:   Mobs spawning with equipment enabled
Oct 5, 2019 1:38:31 AM com.tealcube.minecraft.bukkit.mythicdrops.MythicDropsPlugin onEnable - INFO:   Repairing enabled
Oct 5, 2019 1:38:31 AM com.tealcube.minecraft.bukkit.mythicdrops.MythicDropsPlugin onEnable - INFO:   Socketting enabled
Oct 5, 2019 1:38:31 AM com.tealcube.minecraft.bukkit.mythicdrops.MythicDropsPlugin onEnable - INFO:   Identifying enabled
Oct 5, 2019 1:38:31 AM com.tealcube.minecraft.bukkit.mythicdrops.MythicDropsPlugin onEnable - INFO:   v6.0.0 enabled
Oct 6, 2019 1:39:08 AM com.tealcube.minecraft.bukkit.mythicdrops.config.migration.ConfigMigrator migrate - INFO:   Beginning migration process
Oct 6, 2019 1:39:09 AM com.tealcube.minecraft.bukkit.mythicdrops.config.migration.ConfigMigrator migrate - INFO:   Finished migration process!
Oct 6, 2019 1:39:09 AM com.tealcube.minecraft.bukkit.mythicdrops.MythicDropsPlugin reloadTiers - INFO:   Loading tiers from /tiers/
Oct 6, 2019 1:39:09 AM com.tealcube.minecraft.bukkit.mythicdrops.tiers.MythicTier$Companion fromConfigurationSection - INFO:   WHITE doesn't work due to a bug in Spigot, so we're replacing it with RESET instead
Oct 6, 2019 1:39:09 AM com.tealcube.minecraft.bukkit.mythicdrops.MythicDropsPlugin reloadTiers - INFO:   Loaded tiers: [artisan, common, epic, exotic, legendary, rare, uncommon]
Oct 6, 2019 1:39:09 AM com.tealcube.minecraft.bukkit.mythicdrops.MythicDropsPlugin loadPrefixes - INFO:   Loaded prefixes: 250
Oct 6, 2019 1:39:10 AM com.tealcube.minecraft.bukkit.mythicdrops.MythicDropsPlugin loadSuffixes - INFO:   Loaded suffixes: 184
Oct 6, 2019 1:39:10 AM com.tealcube.minecraft.bukkit.mythicdrops.MythicDropsPlugin loadLore - INFO:   Loaded lore: 15
Oct 6, 2019 1:39:10 AM com.tealcube.minecraft.bukkit.mythicdrops.MythicDropsPlugin loadMobNames - INFO:   Loaded mob names: 4214
Oct 6, 2019 1:39:10 AM com.tealcube.minecraft.bukkit.mythicdrops.MythicDropsPlugin reloadCustomItems - INFO:   Loaded custom items: [socketsword]
Oct 6, 2019 1:39:10 AM com.tealcube.minecraft.bukkit.mythicdrops.MythicDropsPlugin reloadRepairCosts - INFO:   Loading repair items
Oct 6, 2019 1:39:10 AM com.tealcube.minecraft.bukkit.mythicdrops.MythicDropsPlugin reloadRepairCosts - INFO:   Loaded repair items: 47
Oct 6, 2019 1:39:10 AM com.tealcube.minecraft.bukkit.mythicdrops.MythicDropsPlugin reloadSocketGems - INFO:   Loading socket gems
Oct 6, 2019 1:39:10 AM com.tealcube.minecraft.bukkit.mythicdrops.MythicDropsPlugin reloadSocketGems - INFO:   Loaded socket gems: [Harden I, Harden II, Harden III, Harden IV, Frost I, Frost II, Frost III, Frost IV, Needles I, Needles II, Needles III, Needles IV, Spikes I, Spikes II, Spikes III, Spikes IV, Sparkly I, Chill I, Chill II, Chill III, Chill IV, Counter I, Counter II, Counter III, Counter IV, Weaken I, Weaken II, Weaken III, Weaken IV, Confusion I, Confusion II, Confusion III, Confusion IV, Darkness I, Darkness II, Darkness III, Darkness IV, Poison I, Poison II, Poison III, Poison IV, Wither I, Wither II, Wither III, Wither IV, Adrenaline I, Adrenaline II, Adrenaline III, Adrenaline IV, Torment I, Torment II, Commanding I]
Oct 6, 2019 1:39:10 AM com.tealcube.minecraft.bukkit.mythicdrops.MythicDropsPlugin reloadSocketGems - INFO:   AuraRunnable disabled due to no gems detected as using AURA trigger type.
Oct 6, 2019 1:39:10 AM com.tealcube.minecraft.bukkit.mythicdrops.MythicDropsPlugin onEnable - INFO:   Mobs spawning with equipment enabled
Oct 6, 2019 1:39:10 AM com.tealcube.minecraft.bukkit.mythicdrops.MythicDropsPlugin onEnable - INFO:   Repairing enabled
Oct 6, 2019 1:39:10 AM com.tealcube.minecraft.bukkit.mythicdrops.MythicDropsPlugin onEnable - INFO:   Socketting enabled
Oct 6, 2019 1:39:10 AM com.tealcube.minecraft.bukkit.mythicdrops.MythicDropsPlugin onEnable - INFO:   Identifying enabled
Oct 6, 2019 1:39:10 AM com.tealcube.minecraft.bukkit.mythicdrops.MythicDropsPlugin onEnable - INFO:   v6.0.0 enabled
